2025-04-09 10:36:20,275 - INFO - Current time: 1744175180.2754588
2025-04-09 10:36:20,277 - INFO - Token expiration time: 1744181701.7709851
2025-04-09 10:36:20,278 - INFO - Token expiration time: 1744181701.7709851
2025-04-09 10:36:20,279 - INFO - Profile ZeroDayHunter: Minimizing window...
2025-04-09 10:36:20,281 - INFO - Profile ZeroDayHunter: Window minimized. Pausing for 23.20 seconds...
2025-04-09 10:36:43,484 - INFO - Profile ZeroDayHunter: Resuming after minimize...
2025-04-09 10:36:43,487 - INFO - performing random action
2025-04-09 10:36:43,490 - INFO - Loaded 38 subforum URLs from Sub-Forum-List.txt
2025-04-09 10:36:43,493 - DEBUG - Scrolling page 3 times.
2025-04-09 10:36:43,496 - DEBUG - Scrolling page by 500 pixels.
2025-04-09 10:36:45,195 - DEBUG - Page scrolled.
2025-04-09 10:36:47,198 - DEBUG - Scrolling page by 500 pixels.
2025-04-09 10:36:48,753 - DEBUG - Page scrolled.
2025-04-09 10:36:50,755 - DEBUG - Scrolling page by 500 pixels.
2025-04-09 10:36:51,934 - DEBUG - Page scrolled.
2025-04-09 10:36:53,936 - DEBUG - Random scrolls complete.
2025-04-09 10:36:53,938 - DEBUG - Scrolling page 3 times.
2025-04-09 10:36:53,940 - DEBUG - Scrolling page by 500 pixels.
2025-04-09 10:36:55,288 - DEBUG - Page scrolled.
2025-04-09 10:36:57,290 - DEBUG - Scrolling page by 500 pixels.
2025-04-09 10:36:58,841 - DEBUG - Page scrolled.
2025-04-09 10:37:00,844 - DEBUG - Scrolling page by 500 pixels.
2025-04-09 10:37:02,230 - DEBUG - Page scrolled.
2025-04-09 10:37:04,231 - DEBUG - Random scrolls complete.
2025-04-09 10:37:11,303 - INFO - Navigated to subforum: https://www.blackhatworld.com/forums/instagram.215/
2025-04-09 10:37:21,698 - ERROR - Error finding random thread link in subforum: Message: 
Traceback (most recent call last):
  File "F:\Forum-Automation-Tool\blackhatworld_functions.py", line 570, in find_random_thread_link_from_subforum
    wait.until(
    ~~~~~~~~~~^
        EC.presence_of_all_elements_located((By.XPATH, "//div[contains(@class, 'structItem')]"))
        ^^^^^^^^^^^^^^^^^^^^^^^^^^^^^^^^^^^^^^^^^^^^^^^^^^^^^^^^^^^^^^^^^^^^^^^^^^^^^^^^^^^^^^^^
    )
    ^
  File "C:\Users\DELL\AppData\Local\Programs\Python\Python313\Lib\site-packages\selenium\webdriver\support\wait.py", line 146, in until
    raise TimeoutException(message, screen, stacktrace)
selenium.common.exceptions.TimeoutException: Message: 

2025-04-09 10:37:21,704 - INFO - performing random action
2025-04-09 10:37:21,704 - WARNING - Skipping thread processing due to no thread link being found in subforum.
