2025-01-22 11:12:20,522 - INFO - Log file created at: selenium_logs\script_log_20250122_111220.log
2025-01-22 11:12:20,523 - INFO - Starting Chrome with user data from: C:\Users\DELL\AppData\Local\Google\Chrome\User Data
2025-01-22 11:12:24,372 - INFO - Navigated to https://www.blackhatworld.com/
2025-01-22 11:12:24,372 - DEBUG - Starting scrolling function...
2025-01-22 11:12:24,372 - DEBUG - Scrolling iteration: 1
2025-01-22 11:12:26,148 - DEBUG - Scrolling function completed.
2025-01-22 11:12:26,148 - INFO - Scrolling completed.
2025-01-22 11:12:26,310 - DEBUG - Found 'Main Forum List' link.
2025-01-22 11:12:27,036 - DEBUG - Pausing for random delay before clicking link...
2025-01-22 11:12:28,741 - INFO - Clicked 'Main Forum List' link.
2025-01-22 11:12:28,742 - DEBUG - Starting scrolling function...
2025-01-22 11:12:28,743 - DEBUG - Scrolling iteration: 1
2025-01-22 11:12:30,576 - DEBUG - Scrolling iteration: 2
2025-01-22 11:12:32,425 - DEBUG - Scrolling iteration: 3
2025-01-22 11:12:34,276 - DEBUG - Scrolling iteration: 4
2025-01-22 11:12:36,097 - DEBUG - Scrolling iteration: 5
2025-01-22 11:12:37,824 - DEBUG - Scrolling iteration: 6
2025-01-22 11:12:39,639 - DEBUG - Scrolling iteration: 7
2025-01-22 11:12:41,318 - DEBUG - Scrolling iteration: 8
2025-01-22 11:12:43,133 - DEBUG - Scrolling iteration: 9
2025-01-22 11:12:45,128 - DEBUG - Scrolling iteration: 10
2025-01-22 11:12:46,968 - DEBUG - Scrolling iteration: 11
2025-01-22 11:12:48,875 - DEBUG - Scrolling iteration: 12
2025-01-22 11:12:50,867 - DEBUG - Scrolling iteration: 13
2025-01-22 11:12:52,628 - DEBUG - Scrolling function completed.
2025-01-22 11:12:52,628 - INFO - Scrolling completed.
2025-01-22 11:12:56,629 - DEBUG - Pausing 4 seconds before quitting driver...
2025-01-22 11:12:58,977 - INFO - Driver quit successfully.
