2025-04-15 15:54:16,084 - INFO - Starting automation for profile: Emaxx
2025-04-15 15:54:16,085 - DEBUG - Signin payload (excluding password hash): {'email': 'armanmishra1115@gmail.com'}
2025-04-15 15:54:17,364 - DEBUG - Signin response status code: 200
2025-04-15 15:54:17,365 - INFO - Received expires_in from MultiLogin: 10800
2025-04-15 15:54:17,366 - DEBUG - Received 'expires_in': 10800 seconds from MultiLogin API.
2025-04-15 15:54:17,366 - INFO - Calculated token expiration time: 1744723457.366788
2025-04-15 15:54:17,367 - DEBUG - Calculated token expiration time: 1744723457.366788
2025-04-15 15:54:17,368 - INFO - Profile Emaxx: Successfully logged in.
2025-04-15 15:54:17,369 - DEBUG - Profile Emaxx: Successfully logged in.
2025-04-15 15:54:17,370 - INFO - Profile Emaxx: Starting profile ece3d7b0-6dd3-4189-94c7-20c2dfa82943...
2025-04-15 15:54:17,371 - DEBUG - Attempting to start profile via URL: https://launcher.mlx.yt:45001/api/v1/profile/f/2895cd9a-0e5f-44bc-a1f5-344a8d81baaa/p/ece3d7b0-6dd3-4189-94c7-20c2dfa82943/start?automation_type=selenium
2025-04-15 15:54:22,801 - INFO - Profile Emaxx: Extracted port: 65086
2025-04-15 15:54:22,804 - DEBUG - Profile Emaxx: Extracted port: 65086
2025-04-15 15:54:23,443 - INFO - Profile Emaxx: Started on port 65086.
2025-04-15 15:54:23,460 - DEBUG - Profile Emaxx: Started on port 65086.
2025-04-15 15:55:26,424 - INFO - Profile Emaxx: Navigated to https://www.blackhatworld.com/
2025-04-15 15:55:26,425 - DEBUG - Profile Emaxx: Navigated to https://www.blackhatworld.com/
2025-04-15 15:55:34,730 - INFO - Profile Emaxx: Clicked on alert button.
2025-04-15 15:55:34,744 - DEBUG - Profile Emaxx: Clicked on alert button.
2025-04-15 15:55:39,825 - INFO - Profile Emaxx: Clicked on 'Show all' link.
2025-04-15 15:55:39,826 - DEBUG - Profile Emaxx: Clicked on 'Show all' link.
2025-04-15 15:55:40,857 - DEBUG - Scrolling attempt 1/15
2025-04-15 15:55:40,879 - DEBUG - Found 2 potential alert list items on this view.
2025-04-15 15:55:40,917 - DEBUG - Found quote alert: Title='Suggest me more Free and Unlimited Hosting Platforms', Link='https://www.blackhatworld.com/posts/19133016/'
2025-04-15 15:55:40,946 - DEBUG - Found quote alert: Title='Google voice number site?', Link='https://www.blackhatworld.com/posts/19120551/'
2025-04-15 15:55:40,947 - INFO - Added 2 new unique quote alerts in this scroll.
2025-04-15 15:55:40,947 - DEBUG - Added 2 new unique quote alerts in this scroll.
2025-04-15 15:55:42,475 - DEBUG - Scrolling attempt 2/15
2025-04-15 15:55:42,484 - DEBUG - Found 2 potential alert list items on this view.
2025-04-15 15:55:42,536 - INFO - Added 0 new unique quote alerts in this scroll.
2025-04-15 15:55:42,536 - DEBUG - Added 0 new unique quote alerts in this scroll.
2025-04-15 15:55:44,052 - INFO - Profile Emaxx: Reached end of scroll (height didn't change).
2025-04-15 15:55:44,052 - DEBUG - Profile Emaxx: Reached end of scroll (height didn't change).
2025-04-15 15:55:44,053 - INFO - Profile Emaxx: Saved 2 unique quoted comments to Emaxx_quoted_reply_list.txt
2025-04-15 15:55:44,053 - DEBUG - Profile Emaxx: Saved 2 unique quoted comments to Emaxx_quoted_reply_list.txt
2025-04-15 15:55:47,497 - INFO - Profile Emaxx: Selected comment - Suggest me more Free and Unlimited Hosting Platforms
2025-04-15 15:55:47,498 - DEBUG - Profile Emaxx: Selected comment - Suggest me more Free and Unlimited Hosting Platforms
2025-04-15 15:55:59,459 - INFO - Quoted comment extracted: I asked upnshare's customer service department and tried it out. I didn't see any storage limitations and since the trial until now I haven't lost any money.
2025-04-15 15:55:59,460 - INFO - Profile Emaxx: Extracted details saved to quoted_replies\Suggest me more Free and Unlimited Hosting Platforms_reply.txt
2025-04-15 15:55:59,460 - DEBUG - Profile Emaxx: Extracted details saved to quoted_replies\Suggest me more Free and Unlimited Hosting Platforms_reply.txt
2025-04-15 15:55:59,481 - INFO - Extracted thread title: Suggest me more Free and Unlimited Hosting Platforms
2025-04-15 15:55:59,482 - DEBUG - Extracted thread title: Suggest me more Free and Unlimited Hosting Platforms
2025-04-15 15:55:59,482 - INFO - thread title found
2025-04-15 15:55:59,483 - DEBUG - thread title found
2025-04-15 15:55:59,544 - DEBUG - Total comments in the thread: 20
2025-04-15 15:58:36,616 - INFO - Post content extracted and saved to Thread-Details/Thread Content\Suggest me more Free and Unlimited Hosting Platforms.txt
2025-04-15 15:58:36,617 - DEBUG - Post content extracted and saved to Thread-Details/Thread Content\Suggest me more Free and Unlimited Hosting Platforms.txt
2025-04-15 15:58:41,818 - INFO - API Generated Reply: That's good to hear! Keep an eye on their TOS though, stuff can change fast with those kinds of services.
2025-04-15 15:58:41,820 - DEBUG - API Generated Reply: That's good to hear! Keep an eye on their TOS though, stuff can change fast with those kinds of services.
2025-04-15 15:58:41,821 - INFO - API generated comment saved to API_Generated_Replies\Suggest me more Free and Unlimited Hosting Platforms_That's good to hear! Keep an eye on their TOS thou.txt
2025-04-15 15:58:41,823 - DEBUG - API generated comment saved to API_Generated_Replies\Suggest me more Free and Unlimited Hosting Platforms_That's good to hear! Keep an eye on their TOS thou.txt
2025-04-15 15:58:45,677 - INFO - Found the article containing the quoted comment for 'Emma xx'.
2025-04-15 15:58:45,678 - DEBUG - Found the article containing the quoted comment for 'Emma xx'.
2025-04-15 15:58:46,313 - INFO - Profile Emaxx: Found reply/quote button within the specific post.
2025-04-15 15:58:46,314 - DEBUG - Profile Emaxx: Found reply/quote button within the specific post.
2025-04-15 15:58:46,359 - INFO - Profile Emaxx: Clicked reply/quote button using JavaScript.
2025-04-15 15:58:46,359 - DEBUG - Profile Emaxx: Clicked reply/quote button using JavaScript.
2025-04-15 15:58:49,015 - DEBUG - Waiting for comment editor (('xpath', "//form[@method='post']//div[@contenteditable='true' and @aria-disabled='false' and @spellcheck='true']"))...
2025-04-15 15:58:49,047 - INFO - Comment editor is present and contains a blockquote.
2025-04-15 15:58:49,047 - DEBUG - Comment editor is present and contains a blockquote.
2025-04-15 15:58:50,586 - INFO - Attempting to insert reply using JavaScript insertAdjacentHTML.
2025-04-15 15:58:50,587 - DEBUG - Attempting to insert reply using JavaScript insertAdjacentHTML.
2025-04-15 15:58:50,618 - INFO - Inserted API generated reply using JavaScript after the blockquote.
2025-04-15 15:58:50,619 - DEBUG - Inserted API generated reply using JavaScript after the blockquote.
2025-04-15 15:58:52,359 - DEBUG - Post reply Element location: {'x': 1089, 'y': 7233}, size: {'height': 21, 'width': 68}
2025-04-15 15:58:52,359 - DEBUG - Target click coordinates: (1123, 7243)
2025-04-15 15:59:11,060 - DEBUG - Moved mouse to target location using bezier curve.
2025-04-15 15:59:11,061 - DEBUG - Moving mouse to text box element.
2025-04-15 15:59:11,062 - INFO - Found 'Post reply' button.
2025-04-15 15:59:11,063 - DEBUG - Found 'Post reply' button.
2025-04-15 15:59:11,915 - INFO - Clicked 'Post reply' button using JavaScript.
2025-04-15 15:59:11,916 - DEBUG - Clicked 'Post reply' button using JavaScript.
2025-04-15 15:59:37,243 - WARNING - Editor did not become stale. Reply might have posted, but confirmation failed. Check the thread manually.
2025-04-15 15:59:53,155 - INFO - Profile Emaxx: Navigated back to homepage.
2025-04-15 15:59:53,158 - DEBUG - Profile Emaxx: Navigated back to homepage.
2025-04-15 15:59:59,278 - INFO - Profile Emaxx: Attempting to stop (Attempt 1/3)...
2025-04-15 15:59:59,280 - DEBUG - Profile Emaxx: Attempting to stop (Attempt 1/3)...
2025-04-15 15:59:59,290 - INFO - Profile Emaxx: Browser closed successfully in 0.01 seconds.
2025-04-15 15:59:59,291 - DEBUG - Profile Emaxx: Browser closed successfully in 0.01 seconds.
2025-04-15 16:00:03,304 - INFO - Profile Emaxx: API call took 4.01 seconds.
2025-04-15 16:00:03,305 - DEBUG - Profile Emaxx: API call took 4.01 seconds.
2025-04-15 16:00:03,306 - INFO - Profile Emaxx: Stopped successfully.
2025-04-15 16:00:03,307 - DEBUG - Profile Emaxx: Stopped successfully.
2025-04-15 16:00:03,309 - INFO - Profile Emaxx: Finished processing.
2025-04-15 16:00:03,310 - DEBUG - Profile Emaxx: Finished processing.
2025-04-15 16:00:03,312 - INFO - Attempting to clear memory and resources.
2025-04-15 16:00:03,314 - DEBUG - Attempting to clear memory and resources.
2025-04-15 16:00:03,344 - INFO - Garbage collection completed.
2025-04-15 16:00:03,345 - DEBUG - Garbage collection completed.
