2025-04-15 15:17:13,996 - INFO - Starting automation for profile: NullBytee
2025-04-15 15:17:13,996 - DEBUG - Signin payload (excluding password hash): {'email': 'armanmishra1115@gmail.com'}
2025-04-15 15:17:15,182 - DEBUG - Signin response status code: 200
2025-04-15 15:17:15,182 - INFO - Received expires_in from MultiLogin: 10800
2025-04-15 15:17:15,183 - DEBUG - Received 'expires_in': 10800 seconds from MultiLogin API.
2025-04-15 15:17:15,183 - INFO - Calculated token expiration time: 1744721235.18365
2025-04-15 15:17:15,184 - DEBUG - Calculated token expiration time: 1744721235.18365
2025-04-15 15:17:15,184 - INFO - Profile NullBytee: Successfully logged in.
2025-04-15 15:17:15,185 - DEBUG - Profile NullBytee: Successfully logged in.
2025-04-15 15:17:15,185 - INFO - Profile NullBytee: Starting profile 33096624-f91e-4137-b999-8508a489375e...
2025-04-15 15:17:15,186 - DEBUG - Attempting to start profile via URL: https://launcher.mlx.yt:45001/api/v1/profile/f/2895cd9a-0e5f-44bc-a1f5-344a8d81baaa/p/33096624-f91e-4137-b999-8508a489375e/start?automation_type=selenium
2025-04-15 15:17:20,413 - INFO - Profile NullBytee: Extracted port: 61148
2025-04-15 15:17:20,414 - DEBUG - Profile NullBytee: Extracted port: 61148
2025-04-15 15:17:21,150 - INFO - Profile NullBytee: Started on port 61148.
2025-04-15 15:17:21,150 - DEBUG - Profile NullBytee: Started on port 61148.
2025-04-15 15:17:33,545 - INFO - Profile NullBytee: Navigated to https://www.blackhatworld.com/
2025-04-15 15:17:33,546 - DEBUG - Profile NullBytee: Navigated to https://www.blackhatworld.com/
2025-04-15 15:17:36,932 - INFO - Profile NullBytee: Clicked on alert button.
2025-04-15 15:17:36,933 - DEBUG - Profile NullBytee: Clicked on alert button.
2025-04-15 15:17:44,272 - INFO - Profile NullBytee: Clicked on 'Show all' link.
2025-04-15 15:17:44,274 - DEBUG - Profile NullBytee: Clicked on 'Show all' link.
2025-04-15 15:17:46,224 - DEBUG - Scrolling attempt 1/15
2025-04-15 15:17:46,236 - DEBUG - Found 2 potential alert list items on this view.
2025-04-15 15:17:46,280 - DEBUG - Found quote alert: Title='Expired domains and cold email marketing', Link='https://www.blackhatworld.com/posts/19133004/'
2025-04-15 15:17:46,310 - DEBUG - Found quote alert: Title='Video generator', Link='https://www.blackhatworld.com/posts/19117594/'
2025-04-15 15:17:46,311 - INFO - Added 2 new unique quote alerts in this scroll.
2025-04-15 15:17:46,311 - DEBUG - Added 2 new unique quote alerts in this scroll.
2025-04-15 15:17:47,839 - DEBUG - Scrolling attempt 2/15
2025-04-15 15:17:47,848 - DEBUG - Found 2 potential alert list items on this view.
2025-04-15 15:17:47,915 - INFO - Added 0 new unique quote alerts in this scroll.
2025-04-15 15:17:47,915 - DEBUG - Added 0 new unique quote alerts in this scroll.
2025-04-15 15:17:49,473 - INFO - Profile NullBytee: Reached end of scroll (height didn't change).
2025-04-15 15:17:49,475 - DEBUG - Profile NullBytee: Reached end of scroll (height didn't change).
2025-04-15 15:17:49,476 - INFO - Profile NullBytee: Saved 2 unique quoted comments to NullBytee_quoted_reply_list.txt
2025-04-15 15:17:49,551 - DEBUG - Profile NullBytee: Saved 2 unique quoted comments to NullBytee_quoted_reply_list.txt
2025-04-15 15:17:53,420 - INFO - Profile NullBytee: Selected comment - Expired domains and cold email marketing
2025-04-15 15:17:53,422 - DEBUG - Profile NullBytee: Selected comment - Expired domains and cold email marketing
2025-04-15 15:18:13,262 - INFO - Quoted comment extracted: Makes sense too but old domain are important in email deliverability, but yeah warming up new domains is good
2025-04-15 15:18:13,263 - INFO - Profile NullBytee: Extracted details saved to quoted_replies\Expired domains and cold email marketing_reply.txt
2025-04-15 15:18:13,264 - DEBUG - Profile NullBytee: Extracted details saved to quoted_replies\Expired domains and cold email marketing_reply.txt
2025-04-15 15:18:13,282 - INFO - Extracted thread title: Expired domains and cold email marketing
2025-04-15 15:18:13,282 - DEBUG - Extracted thread title: Expired domains and cold email marketing
2025-04-15 15:18:13,282 - INFO - thread title found
2025-04-15 15:18:13,283 - DEBUG - thread title found
2025-04-15 15:18:13,350 - DEBUG - Total comments in the thread: 8
2025-04-15 15:18:44,725 - INFO - Post content extracted and saved to Thread-Details/Thread Content\Expired domains and cold email marketing.txt
2025-04-15 15:18:44,726 - DEBUG - Post content extracted and saved to Thread-Details/Thread Content\Expired domains and cold email marketing.txt
2025-04-15 15:18:49,000 - INFO - API Generated Reply: Yeah, I get the theory, but the risk/reward just isn't there for me. You're spending extra time trying to un-burn something that might already be trash.
2025-04-15 15:18:49,000 - DEBUG - API Generated Reply: Yeah, I get the theory, but the risk/reward just isn't there for me. You're spending extra time trying to un-burn something that might already be trash.
2025-04-15 15:18:49,001 - INFO - API generated comment saved to API_Generated_Replies\Expired domains and cold email marketing_Yeah, I get the theory, but the risk_reward just i.txt
2025-04-15 15:18:49,002 - DEBUG - API generated comment saved to API_Generated_Replies\Expired domains and cold email marketing_Yeah, I get the theory, but the risk_reward just i.txt
2025-04-15 15:18:52,636 - INFO - Found the article containing the quoted comment for 'NullBytee'.
2025-04-15 15:18:52,636 - DEBUG - Found the article containing the quoted comment for 'NullBytee'.
2025-04-15 15:18:53,645 - INFO - Profile NullBytee: Found reply/quote button within the specific post.
2025-04-15 15:18:53,646 - DEBUG - Profile NullBytee: Found reply/quote button within the specific post.
2025-04-15 15:18:53,712 - INFO - Profile NullBytee: Clicked reply/quote button using JavaScript.
2025-04-15 15:18:53,714 - DEBUG - Profile NullBytee: Clicked reply/quote button using JavaScript.
2025-04-15 15:18:58,032 - DEBUG - Waiting for comment editor (('xpath', "//form[@method='post']//div[@contenteditable='true' and @aria-disabled='false' and @spellcheck='true']"))...
2025-04-15 15:18:58,066 - INFO - Comment editor is present and contains a blockquote.
2025-04-15 15:18:58,066 - DEBUG - Comment editor is present and contains a blockquote.
2025-04-15 15:18:59,923 - INFO - Attempting to insert reply using JavaScript insertAdjacentHTML.
2025-04-15 15:18:59,923 - DEBUG - Attempting to insert reply using JavaScript insertAdjacentHTML.
2025-04-15 15:18:59,939 - INFO - Inserted API generated reply using JavaScript after the blockquote.
2025-04-15 15:18:59,940 - DEBUG - Inserted API generated reply using JavaScript after the blockquote.
2025-04-15 15:19:01,943 - DEBUG - Post reply Element location: {'x': 1089, 'y': 3499}, size: {'height': 21, 'width': 68}
2025-04-15 15:19:01,943 - DEBUG - Target click coordinates: (1123, 3509)
2025-04-15 15:19:13,392 - DEBUG - Moved mouse to target location using bezier curve.
2025-04-15 15:19:13,393 - DEBUG - Moving mouse to text box element.
2025-04-15 15:19:13,393 - INFO - Found 'Post reply' button.
2025-04-15 15:19:13,395 - DEBUG - Found 'Post reply' button.
2025-04-15 15:19:14,271 - INFO - Clicked 'Post reply' button using JavaScript.
2025-04-15 15:19:14,272 - DEBUG - Clicked 'Post reply' button using JavaScript.
2025-04-15 15:19:39,731 - WARNING - Editor did not become stale. Reply might have posted, but confirmation failed. Check the thread manually.
2025-04-15 15:19:49,532 - INFO - Profile NullBytee: Navigated back to homepage.
2025-04-15 15:19:49,534 - DEBUG - Profile NullBytee: Navigated back to homepage.
2025-04-15 15:19:56,685 - INFO - Profile NullBytee: Attempting to stop (Attempt 1/3)...
2025-04-15 15:19:56,686 - DEBUG - Profile NullBytee: Attempting to stop (Attempt 1/3)...
2025-04-15 15:19:56,689 - INFO - Profile NullBytee: Browser closed successfully in 0.00 seconds.
2025-04-15 15:19:56,690 - DEBUG - Profile NullBytee: Browser closed successfully in 0.00 seconds.
2025-04-15 15:20:01,281 - INFO - Profile NullBytee: API call took 4.59 seconds.
2025-04-15 15:20:01,282 - DEBUG - Profile NullBytee: API call took 4.59 seconds.
2025-04-15 15:20:01,282 - INFO - Profile NullBytee: Stopped successfully.
2025-04-15 15:20:01,283 - DEBUG - Profile NullBytee: Stopped successfully.
2025-04-15 15:20:01,283 - INFO - Profile NullBytee: Finished processing.
2025-04-15 15:20:01,284 - DEBUG - Profile NullBytee: Finished processing.
2025-04-15 15:20:01,284 - INFO - Attempting to clear memory and resources.
2025-04-15 15:20:01,284 - DEBUG - Attempting to clear memory and resources.
2025-04-15 15:20:01,315 - INFO - Garbage collection completed.
2025-04-15 15:20:01,316 - DEBUG - Garbage collection completed.
