2025-04-02 14:05:50,648 - INFO - Current time: 1743582950.6487963
2025-04-02 14:05:50,649 - INFO - Token expiration time: 1743583399.734703
2025-04-02 14:05:50,649 - INFO - Token expiration time: 1743583399.734703
2025-04-02 14:05:50,650 - INFO - performing random action
2025-04-02 14:05:50,650 - INFO - Loaded 38 subforum URLs from Sub-Forum-List.txt
2025-04-02 14:05:50,651 - DEBUG - Scrolling page 2 times.
2025-04-02 14:05:50,651 - DEBUG - Scrolling page by 500 pixels.
2025-04-02 14:05:51,957 - DEBUG - Page scrolled.
2025-04-02 14:05:53,960 - DEBUG - Scrolling page by 500 pixels.
2025-04-02 14:05:55,789 - DEBUG - Page scrolled.
2025-04-02 14:05:57,792 - DEBUG - Random scrolls complete.
2025-04-02 14:05:57,795 - DEBUG - Scrolling page 4 times.
2025-04-02 14:05:57,797 - DEBUG - Scrolling page by 500 pixels.
2025-04-02 14:05:59,782 - DEBUG - Page scrolled.
2025-04-02 14:06:01,784 - DEBUG - Scrolling page by 500 pixels.
2025-04-02 14:06:03,159 - DEBUG - Page scrolled.
2025-04-02 14:06:05,162 - DEBUG - Scrolling page by 500 pixels.
2025-04-02 14:06:06,743 - DEBUG - Page scrolled.
2025-04-02 14:06:08,745 - DEBUG - Scrolling page by 500 pixels.
2025-04-02 14:06:09,779 - DEBUG - Page scrolled.
2025-04-02 14:06:11,781 - DEBUG - Random scrolls complete.
2025-04-02 14:06:18,702 - INFO - Navigated to subforum: https://www.blackhatworld.com/forums/black-hat-seo.28/
2025-04-02 14:06:29,103 - ERROR - Error finding random thread link in subforum: Message: 
Traceback (most recent call last):
  File "E:\forum_automation_tool\blackhatworld_functions.py", line 570, in find_random_thread_link_from_subforum
    wait.until(
    ~~~~~~~~~~^
        EC.presence_of_all_elements_located((By.XPATH, "//div[contains(@class, 'structItem')]"))
        ^^^^^^^^^^^^^^^^^^^^^^^^^^^^^^^^^^^^^^^^^^^^^^^^^^^^^^^^^^^^^^^^^^^^^^^^^^^^^^^^^^^^^^^^
    )
    ^
  File "C:\Users\DELL\AppData\Local\Programs\Python\Python313\Lib\site-packages\selenium\webdriver\support\wait.py", line 105, in until
    raise TimeoutException(message, screen, stacktrace)
selenium.common.exceptions.TimeoutException: Message: 

2025-04-02 14:06:29,120 - INFO - performing random action
2025-04-02 14:06:29,121 - WARNING - Skipping thread processing due to no thread link being found in subforum.
