2025-04-02 13:46:13,433 - INFO - Current time: 1743581773.4335897
2025-04-02 13:46:13,435 - INFO - Token expiration time: 1743583802.2231433
2025-04-02 13:46:13,436 - INFO - Token expiration time: 1743583802.2231433
2025-04-02 13:46:13,438 - INFO - performing random action
2025-04-02 13:46:13,439 - INFO - Loaded 38 subforum URLs from Sub-Forum-List.txt
2025-04-02 13:46:13,440 - DEBUG - Scrolling page 2 times.
2025-04-02 13:46:13,441 - DEBUG - Scrolling page by 500 pixels.
2025-04-02 13:46:14,952 - DEBUG - Page scrolled.
2025-04-02 13:46:16,954 - DEBUG - Scrolling page by 500 pixels.
2025-04-02 13:46:18,491 - DEBUG - Page scrolled.
2025-04-02 13:46:20,494 - DEBUG - Random scrolls complete.
2025-04-02 13:46:20,497 - DEBUG - Scrolling page 2 times.
2025-04-02 13:46:20,498 - DEBUG - Scrolling page by 500 pixels.
2025-04-02 13:46:21,836 - DEBUG - Page scrolled.
2025-04-02 13:46:23,838 - DEBUG - Scrolling page by 500 pixels.
2025-04-02 13:46:25,074 - DEBUG - Page scrolled.
2025-04-02 13:46:27,076 - DEBUG - Random scrolls complete.
2025-04-02 13:46:33,899 - INFO - Navigated to subforum: https://www.blackhatworld.com/forums/reddit.301/
2025-04-02 13:46:44,280 - ERROR - Error finding random thread link in subforum: Message: 
Traceback (most recent call last):
  File "E:\forum_automation_tool\blackhatworld_functions.py", line 570, in find_random_thread_link_from_subforum
    wait.until(
    ~~~~~~~~~~^
        EC.presence_of_all_elements_located((By.XPATH, "//div[contains(@class, 'structItem')]"))
        ^^^^^^^^^^^^^^^^^^^^^^^^^^^^^^^^^^^^^^^^^^^^^^^^^^^^^^^^^^^^^^^^^^^^^^^^^^^^^^^^^^^^^^^^
    )
    ^
  File "C:\Users\DELL\AppData\Local\Programs\Python\Python313\Lib\site-packages\selenium\webdriver\support\wait.py", line 105, in until
    raise TimeoutException(message, screen, stacktrace)
selenium.common.exceptions.TimeoutException: Message: 

2025-04-02 13:46:44,285 - INFO - Profile PhantomRoot: Restoring window...
2025-04-02 13:46:46,288 - INFO - performing random action
2025-04-02 13:46:46,290 - WARNING - Skipping thread processing due to no thread link being found in subforum.
