2025-04-02 14:03:10,965 - INFO - Current time: 1743582790.9654198
2025-04-02 14:03:10,967 - INFO - Token expiration time: 1743583802.2231433
2025-04-02 14:03:10,968 - INFO - Token expiration time: 1743583802.2231433
2025-04-02 14:03:10,969 - INFO - Profile PhantomRoot: Restoring window...
2025-04-02 14:03:12,972 - INFO - performing random action
2025-04-02 14:03:12,977 - INFO - Loaded 38 subforum URLs from Sub-Forum-List.txt
2025-04-02 14:03:12,980 - DEBUG - Scrolling page 3 times.
2025-04-02 14:03:12,981 - DEBUG - Scrolling page by 500 pixels.
2025-04-02 14:03:14,688 - DEBUG - Page scrolled.
2025-04-02 14:03:16,690 - DEBUG - Scrolling page by 500 pixels.
2025-04-02 14:03:18,100 - DEBUG - Page scrolled.
2025-04-02 14:03:20,102 - DEBUG - Scrolling page by 500 pixels.
2025-04-02 14:03:21,862 - DEBUG - Page scrolled.
2025-04-02 14:03:23,864 - DEBUG - Random scrolls complete.
2025-04-02 14:03:23,866 - DEBUG - Scrolling page 3 times.
2025-04-02 14:03:23,867 - DEBUG - Scrolling page by 500 pixels.
2025-04-02 14:03:25,282 - DEBUG - Page scrolled.
2025-04-02 14:03:27,284 - DEBUG - Scrolling page by 500 pixels.
2025-04-02 14:03:29,050 - DEBUG - Page scrolled.
2025-04-02 14:03:31,053 - DEBUG - Scrolling page by 500 pixels.
2025-04-02 14:03:32,145 - DEBUG - Page scrolled.
2025-04-02 14:03:34,148 - DEBUG - Random scrolls complete.
2025-04-02 14:03:41,135 - INFO - Navigated to subforum: https://www.blackhatworld.com/forums/blogging.3/
2025-04-02 14:03:51,569 - ERROR - Error finding random thread link in subforum: Message: 
Traceback (most recent call last):
  File "E:\forum_automation_tool\blackhatworld_functions.py", line 570, in find_random_thread_link_from_subforum
    wait.until(
    ~~~~~~~~~~^
        EC.presence_of_all_elements_located((By.XPATH, "//div[contains(@class, 'structItem')]"))
        ^^^^^^^^^^^^^^^^^^^^^^^^^^^^^^^^^^^^^^^^^^^^^^^^^^^^^^^^^^^^^^^^^^^^^^^^^^^^^^^^^^^^^^^^
    )
    ^
  File "C:\Users\DELL\AppData\Local\Programs\Python\Python313\Lib\site-packages\selenium\webdriver\support\wait.py", line 105, in until
    raise TimeoutException(message, screen, stacktrace)
selenium.common.exceptions.TimeoutException: Message: 

2025-04-02 14:03:51,585 - INFO - performing random action
2025-04-02 14:03:51,586 - WARNING - Skipping thread processing due to no thread link being found in subforum.
