2025-04-02 13:54:56,530 - INFO - Current time: 1743582296.530154
2025-04-02 13:54:56,531 - INFO - Token expiration time: 1743583802.2231433
2025-04-02 13:54:56,533 - INFO - Token expiration time: 1743583802.2231433
2025-04-02 13:54:56,534 - INFO - Profile PhantomRoot: Opening random website: https://www.w3schools.com/
2025-04-02 13:55:12,163 - INFO - Profile PhantomRoot: Pausing for 45.99 seconds...
2025-04-02 13:55:58,151 - INFO - Profile PhantomRoot: Resuming...
2025-04-02 13:55:58,194 - INFO - Profile PhantomRoot: Switched back to original tab.
2025-04-02 13:55:58,195 - INFO - performing random action
2025-04-02 13:55:58,196 - INFO - Loaded 38 subforum URLs from Sub-Forum-List.txt
2025-04-02 13:55:58,197 - DEBUG - Scrolling page 2 times.
2025-04-02 13:55:58,198 - DEBUG - Scrolling page by 500 pixels.
2025-04-02 13:55:59,442 - DEBUG - Page scrolled.
2025-04-02 13:56:01,444 - DEBUG - Scrolling page by 500 pixels.
2025-04-02 13:56:02,527 - DEBUG - Page scrolled.
2025-04-02 13:56:04,528 - DEBUG - Random scrolls complete.
2025-04-02 13:56:04,529 - DEBUG - Scrolling page 3 times.
2025-04-02 13:56:04,529 - DEBUG - Scrolling page by 500 pixels.
2025-04-02 13:56:06,240 - DEBUG - Page scrolled.
2025-04-02 13:56:08,243 - DEBUG - Scrolling page by 500 pixels.
2025-04-02 13:56:10,141 - DEBUG - Page scrolled.
2025-04-02 13:56:12,143 - DEBUG - Scrolling page by 500 pixels.
2025-04-02 13:56:13,655 - DEBUG - Page scrolled.
2025-04-02 13:56:15,656 - DEBUG - Random scrolls complete.
2025-04-02 13:56:22,574 - INFO - Navigated to subforum: https://www.blackhatworld.com/forums/instagram.215/
2025-04-02 13:56:32,879 - ERROR - Error finding random thread link in subforum: Message: 
Traceback (most recent call last):
  File "E:\forum_automation_tool\blackhatworld_functions.py", line 570, in find_random_thread_link_from_subforum
    wait.until(
    ~~~~~~~~~~^
        EC.presence_of_all_elements_located((By.XPATH, "//div[contains(@class, 'structItem')]"))
        ^^^^^^^^^^^^^^^^^^^^^^^^^^^^^^^^^^^^^^^^^^^^^^^^^^^^^^^^^^^^^^^^^^^^^^^^^^^^^^^^^^^^^^^^
    )
    ^
  File "C:\Users\DELL\AppData\Local\Programs\Python\Python313\Lib\site-packages\selenium\webdriver\support\wait.py", line 105, in until
    raise TimeoutException(message, screen, stacktrace)
selenium.common.exceptions.TimeoutException: Message: 

2025-04-02 13:56:32,895 - INFO - Profile PhantomRoot: Pausing for 32.89 seconds...
2025-04-02 13:57:05,784 - INFO - Profile PhantomRoot: Resuming...
2025-04-02 13:57:05,787 - INFO - performing random action
2025-04-02 13:57:05,789 - WARNING - Skipping thread processing due to no thread link being found in subforum.
