2025-04-02 13:57:05,793 - INFO - Current time: 1743582425.7931328
2025-04-02 13:57:05,795 - INFO - Token expiration time: 1743583802.2231433
2025-04-02 13:57:05,797 - INFO - Token expiration time: 1743583802.2231433
2025-04-02 13:57:05,799 - INFO - performing random action
2025-04-02 13:57:05,802 - INFO - Loaded 38 subforum URLs from Sub-Forum-List.txt
2025-04-02 13:57:05,804 - DEBUG - Scrolling page 2 times.
2025-04-02 13:57:05,805 - DEBUG - Scrolling page by 500 pixels.
2025-04-02 13:57:07,419 - DEBUG - Page scrolled.
2025-04-02 13:57:09,421 - DEBUG - Scrolling page by 500 pixels.
2025-04-02 13:57:10,847 - DEBUG - Page scrolled.
2025-04-02 13:57:12,849 - DEBUG - Random scrolls complete.
2025-04-02 13:57:12,852 - DEBUG - Scrolling page 4 times.
2025-04-02 13:57:12,854 - DEBUG - Scrolling page by 500 pixels.
2025-04-02 13:57:14,201 - DEBUG - Page scrolled.
2025-04-02 13:57:16,203 - DEBUG - Scrolling page by 500 pixels.
2025-04-02 13:57:17,496 - DEBUG - Page scrolled.
2025-04-02 13:57:19,498 - DEBUG - Scrolling page by 500 pixels.
2025-04-02 13:57:20,876 - DEBUG - Page scrolled.
2025-04-02 13:57:22,878 - DEBUG - Scrolling page by 500 pixels.
2025-04-02 13:57:24,050 - DEBUG - Page scrolled.
2025-04-02 13:57:26,052 - DEBUG - Random scrolls complete.
2025-04-02 13:57:32,925 - INFO - Navigated to subforum: https://www.blackhatworld.com/forums/black-hat-seo.28/
2025-04-02 13:57:43,230 - ERROR - Error finding random thread link in subforum: Message: 
Traceback (most recent call last):
  File "E:\forum_automation_tool\blackhatworld_functions.py", line 570, in find_random_thread_link_from_subforum
    wait.until(
    ~~~~~~~~~~^
        EC.presence_of_all_elements_located((By.XPATH, "//div[contains(@class, 'structItem')]"))
        ^^^^^^^^^^^^^^^^^^^^^^^^^^^^^^^^^^^^^^^^^^^^^^^^^^^^^^^^^^^^^^^^^^^^^^^^^^^^^^^^^^^^^^^^
    )
    ^
  File "C:\Users\DELL\AppData\Local\Programs\Python\Python313\Lib\site-packages\selenium\webdriver\support\wait.py", line 105, in until
    raise TimeoutException(message, screen, stacktrace)
selenium.common.exceptions.TimeoutException: Message: 

2025-04-02 13:57:43,238 - INFO - Profile PhantomRoot: Opening default URL: https://www.google.com
2025-04-02 13:57:58,938 - INFO - Profile PhantomRoot: Pausing for 49.16 seconds...
2025-04-02 13:58:48,100 - INFO - Profile PhantomRoot: Resuming...
2025-04-02 13:58:48,125 - INFO - Profile PhantomRoot: Switched back to original tab.
2025-04-02 13:58:48,126 - INFO - performing random action
2025-04-02 13:58:48,127 - WARNING - Skipping thread processing due to no thread link being found in subforum.
