2025-04-02 13:44:43,701 - INFO - Current time: 1743581683.7017863
2025-04-02 13:44:43,703 - INFO - Token expiration time: 1743583802.2231433
2025-04-02 13:44:43,704 - INFO - Token expiration time: 1743583802.2231433
2025-04-02 13:44:43,705 - INFO - performing random action
2025-04-02 13:44:43,707 - INFO - Loaded 38 subforum URLs from Sub-Forum-List.txt
2025-04-02 13:44:43,708 - DEBUG - Scrolling page 4 times.
2025-04-02 13:44:43,708 - DEBUG - Scrolling page by 500 pixels.
2025-04-02 13:44:44,873 - DEBUG - Page scrolled.
2025-04-02 13:44:46,875 - DEBUG - Scrolling page by 500 pixels.
2025-04-02 13:44:48,210 - DEBUG - Page scrolled.
2025-04-02 13:44:50,213 - DEBUG - Scrolling page by 500 pixels.
2025-04-02 13:44:52,078 - DEBUG - Page scrolled.
2025-04-02 13:44:54,081 - DEBUG - Scrolling page by 500 pixels.
2025-04-02 13:44:55,695 - DEBUG - Page scrolled.
2025-04-02 13:44:57,696 - DEBUG - Random scrolls complete.
2025-04-02 13:44:57,697 - DEBUG - Scrolling page 3 times.
2025-04-02 13:44:57,698 - DEBUG - Scrolling page by 500 pixels.
2025-04-02 13:44:58,708 - DEBUG - Page scrolled.
2025-04-02 13:45:00,709 - DEBUG - Scrolling page by 500 pixels.
2025-04-02 13:45:02,660 - DEBUG - Page scrolled.
2025-04-02 13:45:04,662 - DEBUG - Scrolling page by 500 pixels.
2025-04-02 13:45:06,519 - DEBUG - Page scrolled.
2025-04-02 13:45:08,522 - DEBUG - Random scrolls complete.
2025-04-02 13:45:15,359 - INFO - Navigated to subforum: https://www.blackhatworld.com/forums/video-production.170/
2025-04-02 13:45:25,787 - ERROR - Error finding random thread link in subforum: Message: 
Traceback (most recent call last):
  File "E:\forum_automation_tool\blackhatworld_functions.py", line 570, in find_random_thread_link_from_subforum
    wait.until(
    ~~~~~~~~~~^
        EC.presence_of_all_elements_located((By.XPATH, "//div[contains(@class, 'structItem')]"))
        ^^^^^^^^^^^^^^^^^^^^^^^^^^^^^^^^^^^^^^^^^^^^^^^^^^^^^^^^^^^^^^^^^^^^^^^^^^^^^^^^^^^^^^^^
    )
    ^
  File "C:\Users\DELL\AppData\Local\Programs\Python\Python313\Lib\site-packages\selenium\webdriver\support\wait.py", line 105, in until
    raise TimeoutException(message, screen, stacktrace)
selenium.common.exceptions.TimeoutException: Message: 

2025-04-02 13:45:25,802 - INFO - Profile PhantomRoot: Minimizing window...
2025-04-02 13:45:25,806 - INFO - Profile PhantomRoot: Window minimized. Pausing for 15.83 seconds...
2025-04-02 13:45:41,637 - INFO - Profile PhantomRoot: Resuming after minimize...
2025-04-02 13:45:41,639 - INFO - performing random action
2025-04-02 13:45:41,640 - WARNING - Skipping thread processing due to no thread link being found in subforum.
