2025-01-30 17:34:12,926 - INFO - Log file created at: Selenium-Logs\script_log_20250130_173412.log
2025-01-30 17:34:12,927 - INFO - Starting Chrome with user data from: C:\Users\DELL\AppData\Local\Google\Chrome\User Data
2025-01-30 17:34:18,391 - INFO - Navigated to https://www.blackhatworld.com/
2025-01-30 17:34:18,391 - DEBUG - Starting initial random scrolls...
2025-01-30 17:34:18,392 - DEBUG - scroll_random_times: Scrolling page 7 times.
2025-01-30 17:34:18,392 - DEBUG - scroll_page: Scrolling by 500 pixels.
2025-01-30 17:34:20,324 - DEBUG - scroll_page: Scrolled page by 500, Delay: 1.91 seconds.
2025-01-30 17:34:22,325 - DEBUG - scroll_page: Scrolling by 500 pixels.
2025-01-30 17:34:23,537 - DEBUG - scroll_page: Scrolled page by 500, Delay: 1.19 seconds.
2025-01-30 17:34:25,539 - DEBUG - scroll_page: Scrolling by 500 pixels.
2025-01-30 17:34:26,909 - DEBUG - scroll_page: Scrolled page by 500, Delay: 1.36 seconds.
2025-01-30 17:34:28,910 - DEBUG - scroll_page: Scrolling by 500 pixels.
2025-01-30 17:34:30,545 - DEBUG - scroll_page: Scrolled page by 500, Delay: 1.62 seconds.
2025-01-30 17:34:32,546 - DEBUG - scroll_page: Scrolling by 500 pixels.
2025-01-30 17:34:34,194 - DEBUG - scroll_page: Scrolled page by 500, Delay: 1.63 seconds.
2025-01-30 17:34:36,195 - DEBUG - scroll_page: Scrolling by 500 pixels.
2025-01-30 17:34:38,060 - DEBUG - scroll_page: Scrolled page by 500, Delay: 1.85 seconds.
2025-01-30 17:34:40,060 - DEBUG - scroll_page: Scrolling by 500 pixels.
2025-01-30 17:34:41,973 - DEBUG - scroll_page: Scrolled page by 500, Delay: 1.90 seconds.
2025-01-30 17:34:43,974 - DEBUG - scroll_random_times: Scrolling Completed
2025-01-30 17:34:43,974 - INFO - Initial random scroll completed.
2025-01-30 17:34:43,975 - DEBUG - Locating 'Social Networking' Link with locator: ('link text', 'Social Networking')
2025-01-30 17:34:44,141 - DEBUG - Element located with EC.presence_of_element_located()
2025-01-30 17:34:44,155 - DEBUG - Scrolled the element into view.
2025-01-30 17:34:44,283 - DEBUG - Found 'Social Networking' link.
2025-01-30 17:34:44,300 - DEBUG - Element location: {'x': 26, 'y': 867}, size: {'height': 37, 'width': 188}
2025-01-30 17:34:44,301 - DEBUG - Target click coordinates: (120, 885)
2025-01-30 17:34:44,301 - DEBUG - move_mouse_with_curve: Starting mouse movement to (120, 885).
2025-01-30 17:34:44,301 - DEBUG - move_mouse_with_curve: Current mouse position: (1360, 279).
2025-01-30 17:34:44,301 - DEBUG - generate_bezier_path: start=(1360, 279), end=(120, 885), num_points=50
2025-01-30 17:34:44,301 - DEBUG - generate_bezier_path: control_point=(1263, 333)
2025-01-30 17:34:44,301 - DEBUG - bezier_curve: t=0.0, p0=[1360  279], p1=[1263  333], p2=[120 885], result=[1360.  279.]
2025-01-30 17:34:44,301 - DEBUG - generate_bezier_path: step 0, t=0.0, point=[1360.  279.], path_point=(1360, 279)
2025-01-30 17:34:44,302 - DEBUG - bezier_curve: t=0.02040816326530612, p0=[1360  279], p1=[1263  333], p2=[120 885], result=[1355.60516451  281.41149521]
2025-01-30 17:34:44,302 - DEBUG - generate_bezier_path: step 1, t=0.02040816326530612, point=[1355.60516451  281.41149521], path_point=(1355, 281)
2025-01-30 17:34:44,302 - DEBUG - bezier_curve: t=0.04081632653061224, p0=[1360  279], p1=[1263  333], p2=[120 885], result=[1350.33902541  284.23781758]
2025-01-30 17:34:44,302 - DEBUG - generate_bezier_path: step 2, t=0.04081632653061224, point=[1350.33902541  284.23781758], path_point=(1350, 284)
2025-01-30 17:34:44,302 - DEBUG - bezier_curve: t=0.061224489795918366, p0=[1360  279], p1=[1263  333], p2=[120 885], result=[1344.20158267  287.4789671 ]
2025-01-30 17:34:44,303 - DEBUG - generate_bezier_path: step 3, t=0.061224489795918366, point=[1344.20158267  287.4789671 ], path_point=(1344, 287)
2025-01-30 17:34:44,303 - DEBUG - bezier_curve: t=0.08163265306122448, p0=[1360  279], p1=[1263  333], p2=[120 885], result=[1337.19283632  291.13494377]
2025-01-30 17:34:44,303 - DEBUG - generate_bezier_path: step 4, t=0.08163265306122448, point=[1337.19283632  291.13494377], path_point=(1337, 291)
2025-01-30 17:34:44,303 - DEBUG - bezier_curve: t=0.10204081632653061, p0=[1360  279], p1=[1263  333], p2=[120 885], result=[1329.31278634  295.20574761]
2025-01-30 17:34:44,303 - DEBUG - generate_bezier_path: step 5, t=0.10204081632653061, point=[1329.31278634  295.20574761], path_point=(1329, 295)
2025-01-30 17:34:44,304 - DEBUG - bezier_curve: t=0.12244897959183673, p0=[1360  279], p1=[1263  333], p2=[120 885], result=[1320.56143274  299.69137859]
2025-01-30 17:34:44,304 - DEBUG - generate_bezier_path: step 6, t=0.12244897959183673, point=[1320.56143274  299.69137859], path_point=(1320, 299)
2025-01-30 17:34:44,304 - DEBUG - bezier_curve: t=0.14285714285714285, p0=[1360  279], p1=[1263  333], p2=[120 885], result=[1310.93877551  304.59183673]
2025-01-30 17:34:44,304 - DEBUG - generate_bezier_path: step 7, t=0.14285714285714285, point=[1310.93877551  304.59183673], path_point=(1310, 304)
2025-01-30 17:34:44,304 - DEBUG - bezier_curve: t=0.16326530612244897, p0=[1360  279], p1=[1263  333], p2=[120 885], result=[1300.44481466  309.90712203]
2025-01-30 17:34:44,305 - DEBUG - generate_bezier_path: step 8, t=0.16326530612244897, point=[1300.44481466  309.90712203], path_point=(1300, 309)
2025-01-30 17:34:44,305 - DEBUG - bezier_curve: t=0.1836734693877551, p0=[1360  279], p1=[1263  333], p2=[120 885], result=[1289.07955019  315.63723449]
2025-01-30 17:34:44,305 - DEBUG - generate_bezier_path: step 9, t=0.1836734693877551, point=[1289.07955019  315.63723449], path_point=(1289, 315)
2025-01-30 17:34:44,305 - DEBUG - bezier_curve: t=0.20408163265306123, p0=[1360  279], p1=[1263  333], p2=[120 885], result=[1276.84298209  321.78217409]
2025-01-30 17:34:44,305 - DEBUG - generate_bezier_path: step 10, t=0.20408163265306123, point=[1276.84298209  321.78217409], path_point=(1276, 321)
2025-01-30 17:34:44,305 - DEBUG - bezier_curve: t=0.22448979591836735, p0=[1360  279], p1=[1263  333], p2=[120 885], result=[1263.73511037  328.34194086]
2025-01-30 17:34:44,306 - DEBUG - generate_bezier_path: step 11, t=0.22448979591836735, point=[1263.73511037  328.34194086], path_point=(1263, 328)
2025-01-30 17:34:44,306 - DEBUG - bezier_curve: t=0.24489795918367346, p0=[1360  279], p1=[1263  333], p2=[120 885], result=[1249.75593503  335.31653478]
2025-01-30 17:34:44,306 - DEBUG - generate_bezier_path: step 12, t=0.24489795918367346, point=[1249.75593503  335.31653478], path_point=(1249, 335)
2025-01-30 17:34:44,306 - DEBUG - bezier_curve: t=0.2653061224489796, p0=[1360  279], p1=[1263  333], p2=[120 885], result=[1234.90545606  342.70595585]
2025-01-30 17:34:44,306 - DEBUG - generate_bezier_path: step 13, t=0.2653061224489796, point=[1234.90545606  342.70595585], path_point=(1234, 342)
2025-01-30 17:34:44,307 - DEBUG - bezier_curve: t=0.2857142857142857, p0=[1360  279], p1=[1263  333], p2=[120 885], result=[1219.18367347  350.51020408]
2025-01-30 17:34:44,307 - DEBUG - generate_bezier_path: step 14, t=0.2857142857142857, point=[1219.18367347  350.51020408], path_point=(1219, 350)
2025-01-30 17:34:44,307 - DEBUG - bezier_curve: t=0.30612244897959184, p0=[1360  279], p1=[1263  333], p2=[120 885], result=[1202.59058726  358.72927947]
2025-01-30 17:34:44,307 - DEBUG - generate_bezier_path: step 15, t=0.30612244897959184, point=[1202.59058726  358.72927947], path_point=(1202, 358)
2025-01-30 17:34:44,307 - DEBUG - bezier_curve: t=0.32653061224489793, p0=[1360  279], p1=[1263  333], p2=[120 885], result=[1185.12619742  367.36318201]
2025-01-30 17:34:44,307 - DEBUG - generate_bezier_path: step 16, t=0.32653061224489793, point=[1185.12619742  367.36318201], path_point=(1185, 367)
2025-01-30 17:34:44,308 - DEBUG - bezier_curve: t=0.3469387755102041, p0=[1360  279], p1=[1263  333], p2=[120 885], result=[1166.79050396  376.4119117 ]
2025-01-30 17:34:44,308 - DEBUG - generate_bezier_path: step 17, t=0.3469387755102041, point=[1166.79050396  376.4119117 ], path_point=(1166, 376)
2025-01-30 17:34:44,308 - DEBUG - bezier_curve: t=0.3673469387755102, p0=[1360  279], p1=[1263  333], p2=[120 885], result=[1147.58350687  385.87546855]
2025-01-30 17:34:44,308 - DEBUG - generate_bezier_path: step 18, t=0.3673469387755102, point=[1147.58350687  385.87546855], path_point=(1147, 385)
2025-01-30 17:34:44,308 - DEBUG - bezier_curve: t=0.3877551020408163, p0=[1360  279], p1=[1263  333], p2=[120 885], result=[1127.50520616  395.75385256]
2025-01-30 17:34:44,309 - DEBUG - generate_bezier_path: step 19, t=0.3877551020408163, point=[1127.50520616  395.75385256], path_point=(1127, 395)
2025-01-30 17:34:44,309 - DEBUG - bezier_curve: t=0.40816326530612246, p0=[1360  279], p1=[1263  333], p2=[120 885], result=[1106.55560183  406.04706372]
2025-01-30 17:34:44,309 - DEBUG - generate_bezier_path: step 20, t=0.40816326530612246, point=[1106.55560183  406.04706372], path_point=(1106, 406)
2025-01-30 17:34:44,309 - DEBUG - bezier_curve: t=0.42857142857142855, p0=[1360  279], p1=[1263  333], p2=[120 885], result=[1084.73469388  416.75510204]
2025-01-30 17:34:44,309 - DEBUG - generate_bezier_path: step 21, t=0.42857142857142855, point=[1084.73469388  416.75510204], path_point=(1084, 416)
2025-01-30 17:34:44,310 - DEBUG - bezier_curve: t=0.4489795918367347, p0=[1360  279], p1=[1263  333], p2=[120 885], result=[1062.0424823   427.87796751]
2025-01-30 17:34:44,310 - DEBUG - generate_bezier_path: step 22, t=0.4489795918367347, point=[1062.0424823   427.87796751], path_point=(1062, 427)
2025-01-30 17:34:44,310 - DEBUG - bezier_curve: t=0.46938775510204084, p0=[1360  279], p1=[1263  333], p2=[120 885], result=[1038.4789671   439.41566014]
2025-01-30 17:34:44,310 - DEBUG - generate_bezier_path: step 23, t=0.46938775510204084, point=[1038.4789671   439.41566014], path_point=(1038, 439)
2025-01-30 17:34:44,310 - DEBUG - bezier_curve: t=0.4897959183673469, p0=[1360  279], p1=[1263  333], p2=[120 885], result=[1014.04414827  451.36817993]
2025-01-30 17:34:44,311 - DEBUG - generate_bezier_path: step 24, t=0.4897959183673469, point=[1014.04414827  451.36817993], path_point=(1014, 451)
2025-01-30 17:34:44,311 - DEBUG - bezier_curve: t=0.5102040816326531, p0=[1360  279], p1=[1263  333], p2=[120 885], result=[988.73802582 463.73552686]
2025-01-30 17:34:44,311 - DEBUG - generate_bezier_path: step 25, t=0.5102040816326531, point=[988.73802582 463.73552686], path_point=(988, 463)
2025-01-30 17:34:44,311 - DEBUG - bezier_curve: t=0.5306122448979592, p0=[1360  279], p1=[1263  333], p2=[120 885], result=[962.56059975 476.51770096]
2025-01-30 17:34:44,311 - DEBUG - generate_bezier_path: step 26, t=0.5306122448979592, point=[962.56059975 476.51770096], path_point=(962, 476)
2025-01-30 17:34:44,312 - DEBUG - bezier_curve: t=0.5510204081632653, p0=[1360  279], p1=[1263  333], p2=[120 885], result=[935.51187005 489.71470221]
2025-01-30 17:34:44,312 - DEBUG - generate_bezier_path: step 27, t=0.5510204081632653, point=[935.51187005 489.71470221], path_point=(935, 489)
2025-01-30 17:34:44,312 - DEBUG - bezier_curve: t=0.5714285714285714, p0=[1360  279], p1=[1263  333], p2=[120 885], result=[907.59183673 503.32653061]
2025-01-30 17:34:44,312 - DEBUG - generate_bezier_path: step 28, t=0.5714285714285714, point=[907.59183673 503.32653061], path_point=(907, 503)
2025-01-30 17:34:44,312 - DEBUG - bezier_curve: t=0.5918367346938775, p0=[1360  279], p1=[1263  333], p2=[120 885], result=[878.80049979 517.35318617]
2025-01-30 17:34:44,312 - DEBUG - generate_bezier_path: step 29, t=0.5918367346938775, point=[878.80049979 517.35318617], path_point=(878, 517)
2025-01-30 17:34:44,313 - DEBUG - bezier_curve: t=0.6122448979591837, p0=[1360  279], p1=[1263  333], p2=[120 885], result=[849.13785923 531.79466889]
2025-01-30 17:34:44,313 - DEBUG - generate_bezier_path: step 30, t=0.6122448979591837, point=[849.13785923 531.79466889], path_point=(849, 531)
2025-01-30 17:34:44,313 - DEBUG - bezier_curve: t=0.6326530612244898, p0=[1360  279], p1=[1263  333], p2=[120 885], result=[818.60391504 546.65097876]
2025-01-30 17:34:44,313 - DEBUG - generate_bezier_path: step 31, t=0.6326530612244898, point=[818.60391504 546.65097876], path_point=(818, 546)
2025-01-30 17:34:44,313 - DEBUG - bezier_curve: t=0.6530612244897959, p0=[1360  279], p1=[1263  333], p2=[120 885], result=[787.19866722 561.92211579]
2025-01-30 17:34:44,313 - DEBUG - generate_bezier_path: step 32, t=0.6530612244897959, point=[787.19866722 561.92211579], path_point=(787, 561)
2025-01-30 17:34:44,314 - DEBUG - bezier_curve: t=0.673469387755102, p0=[1360  279], p1=[1263  333], p2=[120 885], result=[754.92211579 577.60807997]
2025-01-30 17:34:44,314 - DEBUG - generate_bezier_path: step 33, t=0.673469387755102, point=[754.92211579 577.60807997], path_point=(754, 577)
2025-01-30 17:34:44,314 - DEBUG - bezier_curve: t=0.6938775510204082, p0=[1360  279], p1=[1263  333], p2=[120 885], result=[721.77426072 593.7088713 ]
2025-01-30 17:34:44,314 - DEBUG - generate_bezier_path: step 34, t=0.6938775510204082, point=[721.77426072 593.7088713 ], path_point=(721, 593)
2025-01-30 17:34:44,314 - DEBUG - bezier_curve: t=0.7142857142857143, p0=[1360  279], p1=[1263  333], p2=[120 885], result=[687.75510204 610.2244898 ]
2025-01-30 17:34:44,315 - DEBUG - generate_bezier_path: step 35, t=0.7142857142857143, point=[687.75510204 610.2244898 ], path_point=(687, 610)
2025-01-30 17:34:44,315 - DEBUG - bezier_curve: t=0.7346938775510204, p0=[1360  279], p1=[1263  333], p2=[120 885], result=[652.86463973 627.15493544]
2025-01-30 17:34:44,315 - DEBUG - generate_bezier_path: step 36, t=0.7346938775510204, point=[652.86463973 627.15493544], path_point=(652, 627)
2025-01-30 17:34:44,315 - DEBUG - bezier_curve: t=0.7551020408163265, p0=[1360  279], p1=[1263  333], p2=[120 885], result=[617.1028738  644.50020825]
2025-01-30 17:34:44,315 - DEBUG - generate_bezier_path: step 37, t=0.7551020408163265, point=[617.1028738  644.50020825], path_point=(617, 644)
2025-01-30 17:34:44,315 - DEBUG - bezier_curve: t=0.7755102040816326, p0=[1360  279], p1=[1263  333], p2=[120 885], result=[580.46980425 662.2603082 ]
2025-01-30 17:34:44,316 - DEBUG - generate_bezier_path: step 38, t=0.7755102040816326, point=[580.46980425 662.2603082 ], path_point=(580, 662)
2025-01-30 17:34:44,316 - DEBUG - bezier_curve: t=0.7959183673469388, p0=[1360  279], p1=[1263  333], p2=[120 885], result=[542.96543107 680.43523532]
2025-01-30 17:34:44,316 - DEBUG - generate_bezier_path: step 39, t=0.7959183673469388, point=[542.96543107 680.43523532], path_point=(542, 680)
2025-01-30 17:34:44,316 - DEBUG - bezier_curve: t=0.8163265306122449, p0=[1360  279], p1=[1263  333], p2=[120 885], result=[504.58975427 699.02498959]
2025-01-30 17:34:44,316 - DEBUG - generate_bezier_path: step 40, t=0.8163265306122449, point=[504.58975427 699.02498959], path_point=(504, 699)
2025-01-30 17:34:44,317 - DEBUG - bezier_curve: t=0.8367346938775511, p0=[1360  279], p1=[1263  333], p2=[120 885], result=[465.34277384 718.02957101]
2025-01-30 17:34:44,317 - DEBUG - generate_bezier_path: step 41, t=0.8367346938775511, point=[465.34277384 718.02957101], path_point=(465, 718)
2025-01-30 17:34:44,317 - DEBUG - bezier_curve: t=0.8571428571428571, p0=[1360  279], p1=[1263  333], p2=[120 885], result=[425.2244898  737.44897959]
2025-01-30 17:34:44,317 - DEBUG - generate_bezier_path: step 42, t=0.8571428571428571, point=[425.2244898  737.44897959], path_point=(425, 737)
2025-01-30 17:34:44,317 - DEBUG - bezier_curve: t=0.8775510204081632, p0=[1360  279], p1=[1263  333], p2=[120 885], result=[384.23490212 757.28321533]
2025-01-30 17:34:44,317 - DEBUG - generate_bezier_path: step 43, t=0.8775510204081632, point=[384.23490212 757.28321533], path_point=(384, 757)
2025-01-30 17:34:44,318 - DEBUG - bezier_curve: t=0.8979591836734694, p0=[1360  279], p1=[1263  333], p2=[120 885], result=[342.37401083 777.53227822]
2025-01-30 17:34:44,318 - DEBUG - generate_bezier_path: step 44, t=0.8979591836734694, point=[342.37401083 777.53227822], path_point=(342, 777)
2025-01-30 17:34:44,318 - DEBUG - bezier_curve: t=0.9183673469387755, p0=[1360  279], p1=[1263  333], p2=[120 885], result=[299.64181591 798.19616826]
2025-01-30 17:34:44,318 - DEBUG - generate_bezier_path: step 45, t=0.9183673469387755, point=[299.64181591 798.19616826], path_point=(299, 798)
2025-01-30 17:34:44,318 - DEBUG - bezier_curve: t=0.9387755102040817, p0=[1360  279], p1=[1263  333], p2=[120 885], result=[256.03831737 819.27488546]
2025-01-30 17:34:44,318 - DEBUG - generate_bezier_path: step 46, t=0.9387755102040817, point=[256.03831737 819.27488546], path_point=(256, 819)
2025-01-30 17:34:44,319 - DEBUG - bezier_curve: t=0.9591836734693877, p0=[1360  279], p1=[1263  333], p2=[120 885], result=[211.5635152  840.76842982]
2025-01-30 17:34:44,319 - DEBUG - generate_bezier_path: step 47, t=0.9591836734693877, point=[211.5635152  840.76842982], path_point=(211, 840)
2025-01-30 17:34:44,319 - DEBUG - bezier_curve: t=0.9795918367346939, p0=[1360  279], p1=[1263  333], p2=[120 885], result=[166.21740941 862.67680133]
2025-01-30 17:34:44,319 - DEBUG - generate_bezier_path: step 48, t=0.9795918367346939, point=[166.21740941 862.67680133], path_point=(166, 862)
2025-01-30 17:34:44,319 - DEBUG - bezier_curve: t=1.0, p0=[1360  279], p1=[1263  333], p2=[120 885], result=[120. 885.]
2025-01-30 17:34:44,320 - DEBUG - generate_bezier_path: step 49, t=1.0, point=[120. 885.], path_point=(120, 885)
2025-01-30 17:34:44,320 - DEBUG - generate_bezier_path: Generated path with 50 points.
2025-01-30 17:34:44,320 - DEBUG - move_mouse_with_curve: Generated path with 50 points.
2025-01-30 17:34:44,320 - DEBUG - move_mouse_with_curve: Step 0, speed=0.00
2025-01-30 17:34:44,320 - DEBUG - move_mouse_with_curve: Step 0, distance=0.00, delay=0.00000
2025-01-30 17:34:44,320 - DEBUG - move_mouse_with_curve: Step 0, moved mouse to (1360, 279).
2025-01-30 17:34:44,320 - DEBUG - move_mouse_with_curve: Step 1, speed=0.00
2025-01-30 17:34:44,320 - DEBUG - move_mouse_with_curve: Step 1, distance=5.39, delay=0.00461
2025-01-30 17:34:44,325 - DEBUG - move_mouse_with_curve: Step 1, moved mouse to (1355, 281).
2025-01-30 17:34:44,325 - DEBUG - move_mouse_with_curve: Step 2, speed=0.00
2025-01-30 17:34:44,325 - DEBUG - move_mouse_with_curve: Step 2, distance=5.83, delay=0.00431
2025-01-30 17:34:44,330 - DEBUG - move_mouse_with_curve: Step 2, moved mouse to (1350, 284).
2025-01-30 17:34:44,330 - DEBUG - move_mouse_with_curve: Step 3, speed=0.00
2025-01-30 17:34:44,330 - DEBUG - move_mouse_with_curve: Step 3, distance=6.71, delay=0.00369
2025-01-30 17:34:44,335 - DEBUG - move_mouse_with_curve: Step 3, moved mouse to (1344, 287).
2025-01-30 17:34:44,335 - DEBUG - move_mouse_with_curve: Step 4, speed=0.00
2025-01-30 17:34:44,335 - DEBUG - move_mouse_with_curve: Step 4, distance=8.06, delay=0.00509
2025-01-30 17:34:44,341 - DEBUG - move_mouse_with_curve: Step 4, moved mouse to (1337, 291).
2025-01-30 17:34:44,341 - DEBUG - move_mouse_with_curve: Step 5, speed=0.00
2025-01-30 17:34:44,341 - DEBUG - move_mouse_with_curve: Step 5, distance=8.94, delay=0.00665
2025-01-30 17:34:44,349 - DEBUG - move_mouse_with_curve: Step 5, moved mouse to (1329, 295).
2025-01-30 17:34:44,349 - DEBUG - move_mouse_with_curve: Step 6, speed=0.00
2025-01-30 17:34:44,349 - DEBUG - move_mouse_with_curve: Step 6, distance=9.85, delay=0.00612
2025-01-30 17:34:44,356 - DEBUG - move_mouse_with_curve: Step 6, moved mouse to (1320, 299).
2025-01-30 17:34:44,356 - DEBUG - move_mouse_with_curve: Step 7, speed=0.00
2025-01-30 17:34:44,356 - DEBUG - move_mouse_with_curve: Step 7, distance=11.18, delay=0.00738
2025-01-30 17:34:44,364 - DEBUG - move_mouse_with_curve: Step 7, moved mouse to (1310, 304).
2025-01-30 17:34:44,364 - DEBUG - move_mouse_with_curve: Step 8, speed=0.00
2025-01-30 17:34:44,364 - DEBUG - move_mouse_with_curve: Step 8, distance=11.18, delay=0.00839
2025-01-30 17:34:44,373 - DEBUG - move_mouse_with_curve: Step 8, moved mouse to (1300, 309).
2025-01-30 17:34:44,373 - DEBUG - move_mouse_with_curve: Step 9, speed=0.00
2025-01-30 17:34:44,374 - DEBUG - move_mouse_with_curve: Step 9, distance=12.53, delay=0.00684
2025-01-30 17:34:44,381 - DEBUG - move_mouse_with_curve: Step 9, moved mouse to (1289, 315).
2025-01-30 17:34:44,382 - DEBUG - move_mouse_with_curve: Step 10, speed=0.00
2025-01-30 17:34:44,382 - DEBUG - move_mouse_with_curve: Step 10, distance=14.32, delay=0.00959
2025-01-30 17:34:44,392 - DEBUG - move_mouse_with_curve: Step 10, moved mouse to (1276, 321).
2025-01-30 17:34:44,392 - DEBUG - move_mouse_with_curve: Step 11, speed=0.00
2025-01-30 17:34:44,392 - DEBUG - move_mouse_with_curve: Step 11, distance=14.76, delay=0.00759
2025-01-30 17:34:44,401 - DEBUG - move_mouse_with_curve: Step 11, moved mouse to (1263, 328).
2025-01-30 17:34:44,401 - DEBUG - move_mouse_with_curve: Step 12, speed=0.00
2025-01-30 17:34:44,401 - DEBUG - move_mouse_with_curve: Step 12, distance=15.65, delay=0.00763
2025-01-30 17:34:44,410 - DEBUG - move_mouse_with_curve: Step 12, moved mouse to (1249, 335).
2025-01-30 17:34:44,410 - DEBUG - move_mouse_with_curve: Step 13, speed=0.00
2025-01-30 17:34:44,410 - DEBUG - move_mouse_with_curve: Step 13, distance=16.55, delay=0.00813
2025-01-30 17:34:44,419 - DEBUG - move_mouse_with_curve: Step 13, moved mouse to (1234, 342).
2025-01-30 17:34:44,420 - DEBUG - move_mouse_with_curve: Step 14, speed=0.00
2025-01-30 17:34:44,420 - DEBUG - move_mouse_with_curve: Step 14, distance=17.00, delay=0.01083
2025-01-30 17:34:44,432 - DEBUG - move_mouse_with_curve: Step 14, moved mouse to (1219, 350).
2025-01-30 17:34:44,432 - DEBUG - move_mouse_with_curve: Step 15, speed=0.00
2025-01-30 17:34:44,432 - DEBUG - move_mouse_with_curve: Step 15, distance=18.79, delay=0.01182
2025-01-30 17:34:44,445 - DEBUG - move_mouse_with_curve: Step 15, moved mouse to (1202, 358).
2025-01-30 17:34:44,446 - DEBUG - move_mouse_with_curve: Step 16, speed=0.00
2025-01-30 17:34:44,446 - DEBUG - move_mouse_with_curve: Step 16, distance=19.24, delay=0.00846
2025-01-30 17:34:44,455 - DEBUG - move_mouse_with_curve: Step 16, moved mouse to (1185, 367).
2025-01-30 17:34:44,455 - DEBUG - move_mouse_with_curve: Step 17, speed=0.00
2025-01-30 17:34:44,455 - DEBUG - move_mouse_with_curve: Step 17, distance=21.02, delay=0.01447
2025-01-30 17:34:44,470 - DEBUG - move_mouse_with_curve: Step 17, moved mouse to (1166, 376).
2025-01-30 17:34:44,470 - DEBUG - move_mouse_with_curve: Step 18, speed=0.00
2025-01-30 17:34:44,470 - DEBUG - move_mouse_with_curve: Step 18, distance=21.02, delay=0.01019
2025-01-30 17:34:44,481 - DEBUG - move_mouse_with_curve: Step 18, moved mouse to (1147, 385).
2025-01-30 17:34:44,481 - DEBUG - move_mouse_with_curve: Step 19, speed=0.00
2025-01-30 17:34:44,482 - DEBUG - move_mouse_with_curve: Step 19, distance=22.36, delay=0.01489
2025-01-30 17:34:44,497 - DEBUG - move_mouse_with_curve: Step 19, moved mouse to (1127, 395).
2025-01-30 17:34:44,498 - DEBUG - move_mouse_with_curve: Step 20, speed=0.00
2025-01-30 17:34:44,498 - DEBUG - move_mouse_with_curve: Step 20, distance=23.71, delay=0.01000
2025-01-30 17:34:44,508 - DEBUG - move_mouse_with_curve: Step 20, moved mouse to (1106, 406).
2025-01-30 17:34:44,508 - DEBUG - move_mouse_with_curve: Step 21, speed=0.00
2025-01-30 17:34:44,508 - DEBUG - move_mouse_with_curve: Step 21, distance=24.17, delay=0.00961
2025-01-30 17:34:44,518 - DEBUG - move_mouse_with_curve: Step 21, moved mouse to (1084, 416).
2025-01-30 17:34:44,518 - DEBUG - move_mouse_with_curve: Step 22, speed=0.00
2025-01-30 17:34:44,519 - DEBUG - move_mouse_with_curve: Step 22, distance=24.60, delay=0.01344
2025-01-30 17:34:44,532 - DEBUG - move_mouse_with_curve: Step 22, moved mouse to (1062, 427).
2025-01-30 17:34:44,532 - DEBUG - move_mouse_with_curve: Step 23, speed=0.00
2025-01-30 17:34:44,532 - DEBUG - move_mouse_with_curve: Step 23, distance=26.83, delay=0.01138
2025-01-30 17:34:44,545 - DEBUG - move_mouse_with_curve: Step 23, moved mouse to (1038, 439).
2025-01-30 17:34:44,545 - DEBUG - move_mouse_with_curve: Step 24, speed=0.00
2025-01-30 17:34:44,546 - DEBUG - move_mouse_with_curve: Step 24, distance=26.83, delay=0.01441
2025-01-30 17:34:44,561 - DEBUG - move_mouse_with_curve: Step 24, moved mouse to (1014, 451).
2025-01-30 17:34:44,561 - DEBUG - move_mouse_with_curve: Step 25, speed=0.00
2025-01-30 17:34:44,561 - DEBUG - move_mouse_with_curve: Step 25, distance=28.64, delay=0.01774
2025-01-30 17:34:44,580 - DEBUG - move_mouse_with_curve: Step 25, moved mouse to (988, 463).
2025-01-30 17:34:44,580 - DEBUG - move_mouse_with_curve: Step 26, speed=0.00
2025-01-30 17:34:44,581 - DEBUG - move_mouse_with_curve: Step 26, distance=29.07, delay=0.01222
2025-01-30 17:34:44,594 - DEBUG - move_mouse_with_curve: Step 26, moved mouse to (962, 476).
2025-01-30 17:34:44,594 - DEBUG - move_mouse_with_curve: Step 27, speed=0.00
2025-01-30 17:34:44,594 - DEBUG - move_mouse_with_curve: Step 27, distance=29.97, delay=0.01498
2025-01-30 17:34:44,611 - DEBUG - move_mouse_with_curve: Step 27, moved mouse to (935, 489).
2025-01-30 17:34:44,611 - DEBUG - move_mouse_with_curve: Step 28, speed=0.00
2025-01-30 17:34:44,611 - DEBUG - move_mouse_with_curve: Step 28, distance=31.30, delay=0.01122
2025-01-30 17:34:44,623 - DEBUG - move_mouse_with_curve: Step 28, moved mouse to (907, 503).
2025-01-30 17:34:44,623 - DEBUG - move_mouse_with_curve: Step 29, speed=0.00
2025-01-30 17:34:44,623 - DEBUG - move_mouse_with_curve: Step 29, distance=32.20, delay=0.01541
2025-01-30 17:34:44,639 - DEBUG - move_mouse_with_curve: Step 29, moved mouse to (878, 517).
2025-01-30 17:34:44,639 - DEBUG - move_mouse_with_curve: Step 30, speed=0.00
2025-01-30 17:34:44,639 - DEBUG - move_mouse_with_curve: Step 30, distance=32.20, delay=0.01573
2025-01-30 17:34:44,656 - DEBUG - move_mouse_with_curve: Step 30, moved mouse to (849, 531).
2025-01-30 17:34:44,656 - DEBUG - move_mouse_with_curve: Step 31, speed=0.00
2025-01-30 17:34:44,656 - DEBUG - move_mouse_with_curve: Step 31, distance=34.44, delay=0.01541
2025-01-30 17:34:44,672 - DEBUG - move_mouse_with_curve: Step 31, moved mouse to (818, 546).
2025-01-30 17:34:44,673 - DEBUG - move_mouse_with_curve: Step 32, speed=0.00
2025-01-30 17:34:44,673 - DEBUG - move_mouse_with_curve: Step 32, distance=34.44, delay=0.01345
2025-01-30 17:34:44,687 - DEBUG - move_mouse_with_curve: Step 32, moved mouse to (787, 561).
2025-01-30 17:34:44,687 - DEBUG - move_mouse_with_curve: Step 33, speed=0.00
2025-01-30 17:34:44,687 - DEBUG - move_mouse_with_curve: Step 33, distance=36.67, delay=0.01928
2025-01-30 17:34:44,707 - DEBUG - move_mouse_with_curve: Step 33, moved mouse to (754, 577).
2025-01-30 17:34:44,707 - DEBUG - move_mouse_with_curve: Step 34, speed=0.00
2025-01-30 17:34:44,707 - DEBUG - move_mouse_with_curve: Step 34, distance=36.67, delay=0.01664
2025-01-30 17:34:44,724 - DEBUG - move_mouse_with_curve: Step 34, moved mouse to (721, 593).
2025-01-30 17:34:44,725 - DEBUG - move_mouse_with_curve: Step 35, speed=0.00
2025-01-30 17:34:44,725 - DEBUG - move_mouse_with_curve: Step 35, distance=38.01, delay=0.01279
2025-01-30 17:34:44,739 - DEBUG - move_mouse_with_curve: Step 35, moved mouse to (687, 610).
2025-01-30 17:34:44,739 - DEBUG - move_mouse_with_curve: Step 36, speed=0.00
2025-01-30 17:34:44,739 - DEBUG - move_mouse_with_curve: Step 36, distance=38.91, delay=0.01994
2025-01-30 17:34:44,760 - DEBUG - move_mouse_with_curve: Step 36, moved mouse to (652, 627).
2025-01-30 17:34:44,760 - DEBUG - move_mouse_with_curve: Step 37, speed=0.00
2025-01-30 17:34:44,760 - DEBUG - move_mouse_with_curve: Step 37, distance=38.91, delay=0.02071
2025-01-30 17:34:44,782 - DEBUG - move_mouse_with_curve: Step 37, moved mouse to (617, 644).
2025-01-30 17:34:44,782 - DEBUG - move_mouse_with_curve: Step 38, speed=0.00
2025-01-30 17:34:44,782 - DEBUG - move_mouse_with_curve: Step 38, distance=41.15, delay=0.02114
2025-01-30 17:34:44,804 - DEBUG - move_mouse_with_curve: Step 38, moved mouse to (580, 662).
2025-01-30 17:34:44,804 - DEBUG - move_mouse_with_curve: Step 39, speed=0.00
2025-01-30 17:34:44,804 - DEBUG - move_mouse_with_curve: Step 39, distance=42.05, delay=0.02454
2025-01-30 17:34:44,829 - DEBUG - move_mouse_with_curve: Step 39, moved mouse to (542, 680).
2025-01-30 17:34:44,829 - DEBUG - move_mouse_with_curve: Step 40, speed=0.00
2025-01-30 17:34:44,829 - DEBUG - move_mouse_with_curve: Step 40, distance=42.49, delay=0.02119
2025-01-30 17:34:44,851 - DEBUG - move_mouse_with_curve: Step 40, moved mouse to (504, 699).
2025-01-30 17:34:44,851 - DEBUG - move_mouse_with_curve: Step 41, speed=0.00
2025-01-30 17:34:44,851 - DEBUG - move_mouse_with_curve: Step 41, distance=43.38, delay=0.01969
2025-01-30 17:34:44,872 - DEBUG - move_mouse_with_curve: Step 41, moved mouse to (465, 718).
2025-01-30 17:34:44,872 - DEBUG - move_mouse_with_curve: Step 42, speed=0.00
2025-01-30 17:34:44,873 - DEBUG - move_mouse_with_curve: Step 42, distance=44.28, delay=0.02372
2025-01-30 17:34:44,898 - DEBUG - move_mouse_with_curve: Step 42, moved mouse to (425, 737).
2025-01-30 17:34:44,899 - DEBUG - move_mouse_with_curve: Step 43, speed=0.00
2025-01-30 17:34:44,899 - DEBUG - move_mouse_with_curve: Step 43, distance=45.62, delay=0.01501
2025-01-30 17:34:44,915 - DEBUG - move_mouse_with_curve: Step 43, moved mouse to (384, 757).
2025-01-30 17:34:44,915 - DEBUG - move_mouse_with_curve: Step 44, speed=0.00
2025-01-30 17:34:44,915 - DEBUG - move_mouse_with_curve: Step 44, distance=46.52, delay=0.02331
2025-01-30 17:34:44,939 - DEBUG - move_mouse_with_curve: Step 44, moved mouse to (342, 777).
2025-01-30 17:34:44,939 - DEBUG - move_mouse_with_curve: Step 45, speed=0.00
2025-01-30 17:34:44,939 - DEBUG - move_mouse_with_curve: Step 45, distance=47.85, delay=0.02424
2025-01-30 17:34:44,964 - DEBUG - move_mouse_with_curve: Step 45, moved mouse to (299, 798).
2025-01-30 17:34:44,964 - DEBUG - move_mouse_with_curve: Step 46, speed=0.00
2025-01-30 17:34:44,965 - DEBUG - move_mouse_with_curve: Step 46, distance=47.85, delay=0.01732
2025-01-30 17:34:44,983 - DEBUG - move_mouse_with_curve: Step 46, moved mouse to (256, 819).
2025-01-30 17:34:44,983 - DEBUG - move_mouse_with_curve: Step 47, speed=0.00
2025-01-30 17:34:44,983 - DEBUG - move_mouse_with_curve: Step 47, distance=49.66, delay=0.02190
2025-01-30 17:34:45,006 - DEBUG - move_mouse_with_curve: Step 47, moved mouse to (211, 840).
2025-01-30 17:34:45,006 - DEBUG - move_mouse_with_curve: Step 48, speed=0.00
2025-01-30 17:34:45,006 - DEBUG - move_mouse_with_curve: Step 48, distance=50.09, delay=0.01850
2025-01-30 17:34:45,025 - DEBUG - move_mouse_with_curve: Step 48, moved mouse to (166, 862).
2025-01-30 17:34:45,026 - DEBUG - move_mouse_with_curve: Step 49, speed=0.00
2025-01-30 17:34:45,026 - DEBUG - move_mouse_with_curve: Step 49, distance=51.43, delay=0.02781
2025-01-30 17:34:45,054 - DEBUG - move_mouse_with_curve: Step 49, moved mouse to (120, 885).
2025-01-30 17:34:45,054 - DEBUG - Moved mouse to target location using bezier curve.
2025-01-30 17:34:45,156 - DEBUG - pause before click
2025-01-30 17:34:45,156 - DEBUG - click_element: Attempting to click element with locator: ('link text', 'Social Networking')
2025-01-30 17:34:45,328 - DEBUG - click_element: Element located successfully. Attempting to click using Javascript
2025-01-30 17:34:46,517 - INFO - click_element: Element clicked using JavaScript click.
2025-01-30 17:34:46,517 - INFO - Clicked 'Social Networking' link
2025-01-30 17:34:48,424 - DEBUG - pause before find instagram link
2025-01-30 17:34:48,425 - DEBUG - Searching for Instagram link with locator: ('link text', 'Instagram')
2025-01-30 17:34:48,425 - DEBUG - find_element_with_scroll: Searching for element with locator: ('link text', 'Instagram')
2025-01-30 17:34:48,473 - INFO - find_element_with_scroll: Element found after 1 scrolls.
2025-01-30 17:34:48,491 - DEBUG - Instagram element location: {'x': 294, 'y': 3824}, size: {'height': 21, 'width': 73}
2025-01-30 17:34:48,491 - DEBUG - Target click coordinates for Instagram link: (330, 3834)
2025-01-30 17:34:48,491 - DEBUG - move_mouse_with_curve: Starting mouse movement to (330, 3834).
2025-01-30 17:34:48,491 - DEBUG - move_mouse_with_curve: Current mouse position: (120, 767).
2025-01-30 17:34:48,491 - DEBUG - generate_bezier_path: start=(120, 767), end=(330, 3834), num_points=50
2025-01-30 17:34:48,492 - DEBUG - generate_bezier_path: control_point=(112, 843)
2025-01-30 17:34:48,492 - DEBUG - bezier_curve: t=0.0, p0=[120 767], p1=[112 843], p2=[ 330 3834], result=[120. 767.]
2025-01-30 17:34:48,492 - DEBUG - generate_bezier_path: step 0, t=0.0, point=[120. 767.], path_point=(120, 767)
2025-01-30 17:34:48,492 - DEBUG - bezier_curve: t=0.02040816326530612, p0=[120 767], p1=[112 843], p2=[ 330 3834], result=[119.76759683 771.31611828]
2025-01-30 17:34:48,492 - DEBUG - generate_bezier_path: step 1, t=0.02040816326530612, point=[119.76759683 771.31611828], path_point=(119, 771)
2025-01-30 17:34:48,493 - DEBUG - bezier_curve: t=0.04081632653061224, p0=[120 767], p1=[112 843], p2=[ 330 3834], result=[119.72344856 778.0603915 ]
2025-01-30 17:34:48,493 - DEBUG - generate_bezier_path: step 2, t=0.04081632653061224, point=[119.72344856 778.0603915 ], path_point=(119, 778)
2025-01-30 17:34:48,493 - DEBUG - bezier_curve: t=0.061224489795918366, p0=[120 767], p1=[112 843], p2=[ 330 3834], result=[119.86755519 787.23281966]
2025-01-30 17:34:48,493 - DEBUG - generate_bezier_path: step 3, t=0.061224489795918366, point=[119.86755519 787.23281966], path_point=(119, 787)
2025-01-30 17:34:48,493 - DEBUG - bezier_curve: t=0.08163265306122448, p0=[120 767], p1=[112 843], p2=[ 330 3834], result=[120.1999167  798.83340275]
2025-01-30 17:34:48,494 - DEBUG - generate_bezier_path: step 4, t=0.08163265306122448, point=[120.1999167  798.83340275], path_point=(120, 798)
2025-01-30 17:34:48,494 - DEBUG - bezier_curve: t=0.10204081632653061, p0=[120 767], p1=[112 843], p2=[ 330 3834], result=[120.72053311 812.86214077]
2025-01-30 17:34:48,494 - DEBUG - generate_bezier_path: step 5, t=0.10204081632653061, point=[120.72053311 812.86214077], path_point=(120, 812)
2025-01-30 17:34:48,494 - DEBUG - bezier_curve: t=0.12244897959183673, p0=[120 767], p1=[112 843], p2=[ 330 3834], result=[121.42940441 829.31903374]
2025-01-30 17:34:48,494 - DEBUG - generate_bezier_path: step 6, t=0.12244897959183673, point=[121.42940441 829.31903374], path_point=(121, 829)
2025-01-30 17:34:48,495 - DEBUG - bezier_curve: t=0.14285714285714285, p0=[120 767], p1=[112 843], p2=[ 330 3834], result=[122.32653061 848.20408163]
2025-01-30 17:34:48,495 - DEBUG - generate_bezier_path: step 7, t=0.14285714285714285, point=[122.32653061 848.20408163], path_point=(122, 848)
2025-01-30 17:34:48,495 - DEBUG - bezier_curve: t=0.16326530612244897, p0=[120 767], p1=[112 843], p2=[ 330 3834], result=[123.4119117  869.51728446]
2025-01-30 17:34:48,496 - DEBUG - generate_bezier_path: step 8, t=0.16326530612244897, point=[123.4119117  869.51728446], path_point=(123, 869)
2025-01-30 17:34:48,496 - DEBUG - bezier_curve: t=0.1836734693877551, p0=[120 767], p1=[112 843], p2=[ 330 3834], result=[124.68554769 893.25864223]
2025-01-30 17:34:48,496 - DEBUG - generate_bezier_path: step 9, t=0.1836734693877551, point=[124.68554769 893.25864223], path_point=(124, 893)
2025-01-30 17:34:48,497 - DEBUG - bezier_curve: t=0.20408163265306123, p0=[120 767], p1=[112 843], p2=[ 330 3834], result=[126.14743857 919.42815494]
2025-01-30 17:34:48,497 - DEBUG - generate_bezier_path: step 10, t=0.20408163265306123, point=[126.14743857 919.42815494], path_point=(126, 919)
2025-01-30 17:34:48,497 - DEBUG - bezier_curve: t=0.22448979591836735, p0=[120 767], p1=[112 843], p2=[ 330 3834], result=[127.79758434 948.02582257]
2025-01-30 17:34:48,497 - DEBUG - generate_bezier_path: step 11, t=0.22448979591836735, point=[127.79758434 948.02582257], path_point=(127, 948)
2025-01-30 17:34:48,497 - DEBUG - bezier_curve: t=0.24489795918367346, p0=[120 767], p1=[112 843], p2=[ 330 3834], result=[129.63598501 979.05164515]
2025-01-30 17:34:48,498 - DEBUG - generate_bezier_path: step 12, t=0.24489795918367346, point=[129.63598501 979.05164515], path_point=(129, 979)
2025-01-30 17:34:48,498 - DEBUG - bezier_curve: t=0.2653061224489796, p0=[120 767], p1=[112 843], p2=[ 330 3834], result=[ 131.66264057 1012.50562266]
2025-01-30 17:34:48,498 - DEBUG - generate_bezier_path: step 13, t=0.2653061224489796, point=[ 131.66264057 1012.50562266], path_point=(131, 1012)
2025-01-30 17:34:48,498 - DEBUG - bezier_curve: t=0.2857142857142857, p0=[120 767], p1=[112 843], p2=[ 330 3834], result=[ 133.87755102 1048.3877551 ]
2025-01-30 17:34:48,498 - DEBUG - generate_bezier_path: step 14, t=0.2857142857142857, point=[ 133.87755102 1048.3877551 ], path_point=(133, 1048)
2025-01-30 17:34:48,499 - DEBUG - bezier_curve: t=0.30612244897959184, p0=[120 767], p1=[112 843], p2=[ 330 3834], result=[ 136.28071637 1086.69804248]
2025-01-30 17:34:48,499 - DEBUG - generate_bezier_path: step 15, t=0.30612244897959184, point=[ 136.28071637 1086.69804248], path_point=(136, 1086)
2025-01-30 17:34:48,499 - DEBUG - bezier_curve: t=0.32653061224489793, p0=[120 767], p1=[112 843], p2=[ 330 3834], result=[ 138.87213661 1127.4364848 ]
2025-01-30 17:34:48,499 - DEBUG - generate_bezier_path: step 16, t=0.32653061224489793, point=[ 138.87213661 1127.4364848 ], path_point=(138, 1127)
2025-01-30 17:34:48,499 - DEBUG - bezier_curve: t=0.3469387755102041, p0=[120 767], p1=[112 843], p2=[ 330 3834], result=[ 141.65181175 1170.60308205]
2025-01-30 17:34:48,499 - DEBUG - generate_bezier_path: step 17, t=0.3469387755102041, point=[ 141.65181175 1170.60308205], path_point=(141, 1170)
2025-01-30 17:34:48,500 - DEBUG - bezier_curve: t=0.3673469387755102, p0=[120 767], p1=[112 843], p2=[ 330 3834], result=[ 144.61974177 1216.19783424]
2025-01-30 17:34:48,500 - DEBUG - generate_bezier_path: step 18, t=0.3673469387755102, point=[ 144.61974177 1216.19783424], path_point=(144, 1216)
2025-01-30 17:34:48,500 - DEBUG - bezier_curve: t=0.3877551020408163, p0=[120 767], p1=[112 843], p2=[ 330 3834], result=[ 147.7759267  1264.22074136]
2025-01-30 17:34:48,500 - DEBUG - generate_bezier_path: step 19, t=0.3877551020408163, point=[ 147.7759267  1264.22074136], path_point=(147, 1264)
2025-01-30 17:34:48,500 - DEBUG - bezier_curve: t=0.40816326530612246, p0=[120 767], p1=[112 843], p2=[ 330 3834], result=[ 151.12036651 1314.67180342]
2025-01-30 17:34:48,501 - DEBUG - generate_bezier_path: step 20, t=0.40816326530612246, point=[ 151.12036651 1314.67180342], path_point=(151, 1314)
2025-01-30 17:34:48,501 - DEBUG - bezier_curve: t=0.42857142857142855, p0=[120 767], p1=[112 843], p2=[ 330 3834], result=[ 154.65306122 1367.55102041]
2025-01-30 17:34:48,501 - DEBUG - generate_bezier_path: step 21, t=0.42857142857142855, point=[ 154.65306122 1367.55102041], path_point=(154, 1367)
2025-01-30 17:34:48,501 - DEBUG - bezier_curve: t=0.4489795918367347, p0=[120 767], p1=[112 843], p2=[ 330 3834], result=[ 158.37401083 1422.85839234]
2025-01-30 17:34:48,501 - DEBUG - generate_bezier_path: step 22, t=0.4489795918367347, point=[ 158.37401083 1422.85839234], path_point=(158, 1422)
2025-01-30 17:34:48,501 - DEBUG - bezier_curve: t=0.46938775510204084, p0=[120 767], p1=[112 843], p2=[ 330 3834], result=[ 162.28321533 1480.5939192 ]
2025-01-30 17:34:48,502 - DEBUG - generate_bezier_path: step 23, t=0.46938775510204084, point=[ 162.28321533 1480.5939192 ], path_point=(162, 1480)
2025-01-30 17:34:48,502 - DEBUG - bezier_curve: t=0.4897959183673469, p0=[120 767], p1=[112 843], p2=[ 330 3834], result=[ 166.38067472 1540.757601  ]
2025-01-30 17:34:48,502 - DEBUG - generate_bezier_path: step 24, t=0.4897959183673469, point=[ 166.38067472 1540.757601  ], path_point=(166, 1540)
2025-01-30 17:34:48,502 - DEBUG - bezier_curve: t=0.5102040816326531, p0=[120 767], p1=[112 843], p2=[ 330 3834], result=[ 170.666389   1603.34943773]
2025-01-30 17:34:48,502 - DEBUG - generate_bezier_path: step 25, t=0.5102040816326531, point=[ 170.666389   1603.34943773], path_point=(170, 1603)
2025-01-30 17:34:48,503 - DEBUG - bezier_curve: t=0.5306122448979592, p0=[120 767], p1=[112 843], p2=[ 330 3834], result=[ 175.14035818 1668.3694294 ]
2025-01-30 17:34:48,503 - DEBUG - generate_bezier_path: step 26, t=0.5306122448979592, point=[ 175.14035818 1668.3694294 ], path_point=(175, 1668)
2025-01-30 17:34:48,503 - DEBUG - bezier_curve: t=0.5510204081632653, p0=[120 767], p1=[112 843], p2=[ 330 3834], result=[ 179.80258226 1735.81757601]
2025-01-30 17:34:48,503 - DEBUG - generate_bezier_path: step 27, t=0.5510204081632653, point=[ 179.80258226 1735.81757601], path_point=(179, 1735)
2025-01-30 17:34:48,503 - DEBUG - bezier_curve: t=0.5714285714285714, p0=[120 767], p1=[112 843], p2=[ 330 3834], result=[ 184.65306122 1805.69387755]
2025-01-30 17:34:48,503 - DEBUG - generate_bezier_path: step 28, t=0.5714285714285714, point=[ 184.65306122 1805.69387755], path_point=(184, 1805)
2025-01-30 17:34:48,504 - DEBUG - bezier_curve: t=0.5918367346938775, p0=[120 767], p1=[112 843], p2=[ 330 3834], result=[ 189.69179509 1877.99833403]
2025-01-30 17:34:48,504 - DEBUG - generate_bezier_path: step 29, t=0.5918367346938775, point=[ 189.69179509 1877.99833403], path_point=(189, 1877)
2025-01-30 17:34:48,504 - DEBUG - bezier_curve: t=0.6122448979591837, p0=[120 767], p1=[112 843], p2=[ 330 3834], result=[ 194.91878384 1952.73094544]
2025-01-30 17:34:48,504 - DEBUG - generate_bezier_path: step 30, t=0.6122448979591837, point=[ 194.91878384 1952.73094544], path_point=(194, 1952)
2025-01-30 17:34:48,504 - DEBUG - bezier_curve: t=0.6326530612244898, p0=[120 767], p1=[112 843], p2=[ 330 3834], result=[ 200.33402749 2029.89171179]
2025-01-30 17:34:48,504 - DEBUG - generate_bezier_path: step 31, t=0.6326530612244898, point=[ 200.33402749 2029.89171179], path_point=(200, 2029)
2025-01-30 17:34:48,505 - DEBUG - bezier_curve: t=0.6530612244897959, p0=[120 767], p1=[112 843], p2=[ 330 3834], result=[ 205.93752603 2109.48063307]
2025-01-30 17:34:48,505 - DEBUG - generate_bezier_path: step 32, t=0.6530612244897959, point=[ 205.93752603 2109.48063307], path_point=(205, 2109)
2025-01-30 17:34:48,505 - DEBUG - bezier_curve: t=0.673469387755102, p0=[120 767], p1=[112 843], p2=[ 330 3834], result=[ 211.72927947 2191.49770929]
2025-01-30 17:34:48,505 - DEBUG - generate_bezier_path: step 33, t=0.673469387755102, point=[ 211.72927947 2191.49770929], path_point=(211, 2191)
2025-01-30 17:34:48,505 - DEBUG - bezier_curve: t=0.6938775510204082, p0=[120 767], p1=[112 843], p2=[ 330 3834], result=[ 217.7092878  2275.94294044]
2025-01-30 17:34:48,506 - DEBUG - generate_bezier_path: step 34, t=0.6938775510204082, point=[ 217.7092878  2275.94294044], path_point=(217, 2275)
2025-01-30 17:34:48,506 - DEBUG - bezier_curve: t=0.7142857142857143, p0=[120 767], p1=[112 843], p2=[ 330 3834], result=[ 223.87755102 2362.81632653]
2025-01-30 17:34:48,506 - DEBUG - generate_bezier_path: step 35, t=0.7142857142857143, point=[ 223.87755102 2362.81632653], path_point=(223, 2362)
2025-01-30 17:34:48,506 - DEBUG - bezier_curve: t=0.7346938775510204, p0=[120 767], p1=[112 843], p2=[ 330 3834], result=[ 230.23406914 2452.11786756]
2025-01-30 17:34:48,506 - DEBUG - generate_bezier_path: step 36, t=0.7346938775510204, point=[ 230.23406914 2452.11786756], path_point=(230, 2452)
2025-01-30 17:34:48,507 - DEBUG - bezier_curve: t=0.7551020408163265, p0=[120 767], p1=[112 843], p2=[ 330 3834], result=[ 236.77884215 2543.84756352]
2025-01-30 17:34:48,507 - DEBUG - generate_bezier_path: step 37, t=0.7551020408163265, point=[ 236.77884215 2543.84756352], path_point=(236, 2543)
2025-01-30 17:34:48,507 - DEBUG - bezier_curve: t=0.7755102040816326, p0=[120 767], p1=[112 843], p2=[ 330 3834], result=[ 243.51187005 2638.00541441]
2025-01-30 17:34:48,507 - DEBUG - generate_bezier_path: step 38, t=0.7755102040816326, point=[ 243.51187005 2638.00541441], path_point=(243, 2638)
2025-01-30 17:34:48,507 - DEBUG - bezier_curve: t=0.7959183673469388, p0=[120 767], p1=[112 843], p2=[ 330 3834], result=[ 250.43315285 2734.59142024]
2025-01-30 17:34:48,507 - DEBUG - generate_bezier_path: step 39, t=0.7959183673469388, point=[ 250.43315285 2734.59142024], path_point=(250, 2734)
2025-01-30 17:34:48,508 - DEBUG - bezier_curve: t=0.8163265306122449, p0=[120 767], p1=[112 843], p2=[ 330 3834], result=[ 257.54269055 2833.60558101]
2025-01-30 17:34:48,508 - DEBUG - generate_bezier_path: step 40, t=0.8163265306122449, point=[ 257.54269055 2833.60558101], path_point=(257, 2833)
2025-01-30 17:34:48,508 - DEBUG - bezier_curve: t=0.8367346938775511, p0=[120 767], p1=[112 843], p2=[ 330 3834], result=[ 264.84048313 2935.04789671]
2025-01-30 17:34:48,508 - DEBUG - generate_bezier_path: step 41, t=0.8367346938775511, point=[ 264.84048313 2935.04789671], path_point=(264, 2935)
2025-01-30 17:34:48,509 - DEBUG - bezier_curve: t=0.8571428571428571, p0=[120 767], p1=[112 843], p2=[ 330 3834], result=[ 272.32653061 3038.91836735]
2025-01-30 17:34:48,509 - DEBUG - generate_bezier_path: step 42, t=0.8571428571428571, point=[ 272.32653061 3038.91836735], path_point=(272, 3038)
2025-01-30 17:34:48,509 - DEBUG - bezier_curve: t=0.8775510204081632, p0=[120 767], p1=[112 843], p2=[ 330 3834], result=[ 280.00083299 3145.21699292]
2025-01-30 17:34:48,509 - DEBUG - generate_bezier_path: step 43, t=0.8775510204081632, point=[ 280.00083299 3145.21699292], path_point=(280, 3145)
2025-01-30 17:34:48,510 - DEBUG - bezier_curve: t=0.8979591836734694, p0=[120 767], p1=[112 843], p2=[ 330 3834], result=[ 287.86339025 3253.94377343]
2025-01-30 17:34:48,510 - DEBUG - generate_bezier_path: step 44, t=0.8979591836734694, point=[ 287.86339025 3253.94377343], path_point=(287, 3253)
2025-01-30 17:34:48,510 - DEBUG - bezier_curve: t=0.9183673469387755, p0=[120 767], p1=[112 843], p2=[ 330 3834], result=[ 295.91420242 3365.09870887]
2025-01-30 17:34:48,510 - DEBUG - generate_bezier_path: step 45, t=0.9183673469387755, point=[ 295.91420242 3365.09870887], path_point=(295, 3365)
2025-01-30 17:34:48,511 - DEBUG - bezier_curve: t=0.9387755102040817, p0=[120 767], p1=[112 843], p2=[ 330 3834], result=[ 304.15326947 3478.68179925]
2025-01-30 17:34:48,511 - DEBUG - generate_bezier_path: step 46, t=0.9387755102040817, point=[ 304.15326947 3478.68179925], path_point=(304, 3478)
2025-01-30 17:34:48,511 - DEBUG - bezier_curve: t=0.9591836734693877, p0=[120 767], p1=[112 843], p2=[ 330 3834], result=[ 312.58059142 3594.69304456]
2025-01-30 17:34:48,511 - DEBUG - generate_bezier_path: step 47, t=0.9591836734693877, point=[ 312.58059142 3594.69304456], path_point=(312, 3594)
2025-01-30 17:34:48,512 - DEBUG - bezier_curve: t=0.9795918367346939, p0=[120 767], p1=[112 843], p2=[ 330 3834], result=[ 321.19616826 3713.13244481]
2025-01-30 17:34:48,512 - DEBUG - generate_bezier_path: step 48, t=0.9795918367346939, point=[ 321.19616826 3713.13244481], path_point=(321, 3713)
2025-01-30 17:34:48,512 - DEBUG - bezier_curve: t=1.0, p0=[120 767], p1=[112 843], p2=[ 330 3834], result=[ 330. 3834.]
2025-01-30 17:34:48,512 - DEBUG - generate_bezier_path: step 49, t=1.0, point=[ 330. 3834.], path_point=(330, 3834)
2025-01-30 17:34:48,512 - DEBUG - generate_bezier_path: Generated path with 50 points.
2025-01-30 17:34:48,512 - DEBUG - move_mouse_with_curve: Generated path with 50 points.
2025-01-30 17:34:48,512 - DEBUG - move_mouse_with_curve: Step 0, speed=0.00
2025-01-30 17:34:48,512 - DEBUG - move_mouse_with_curve: Step 0, distance=0.00, delay=0.00000
2025-01-30 17:34:48,512 - DEBUG - move_mouse_with_curve: Step 0, moved mouse to (120, 767).
2025-01-30 17:34:48,512 - DEBUG - move_mouse_with_curve: Step 1, speed=0.00
2025-01-30 17:34:48,513 - DEBUG - move_mouse_with_curve: Step 1, distance=4.12, delay=0.00424
2025-01-30 17:34:48,517 - DEBUG - move_mouse_with_curve: Step 1, moved mouse to (119, 771).
2025-01-30 17:34:48,517 - DEBUG - move_mouse_with_curve: Step 2, speed=0.00
2025-01-30 17:34:48,518 - DEBUG - move_mouse_with_curve: Step 2, distance=7.00, delay=0.00501
2025-01-30 17:34:48,523 - DEBUG - move_mouse_with_curve: Step 2, moved mouse to (119, 778).
2025-01-30 17:34:48,523 - DEBUG - move_mouse_with_curve: Step 3, speed=0.00
2025-01-30 17:34:48,523 - DEBUG - move_mouse_with_curve: Step 3, distance=9.00, delay=0.00637
2025-01-30 17:34:48,530 - DEBUG - move_mouse_with_curve: Step 3, moved mouse to (119, 787).
2025-01-30 17:34:48,530 - DEBUG - move_mouse_with_curve: Step 4, speed=0.00
2025-01-30 17:34:48,530 - DEBUG - move_mouse_with_curve: Step 4, distance=11.05, delay=0.00544
2025-01-30 17:34:48,536 - DEBUG - move_mouse_with_curve: Step 4, moved mouse to (120, 798).
2025-01-30 17:34:48,536 - DEBUG - move_mouse_with_curve: Step 5, speed=0.00
2025-01-30 17:34:48,536 - DEBUG - move_mouse_with_curve: Step 5, distance=14.00, delay=0.00678
2025-01-30 17:34:48,544 - DEBUG - move_mouse_with_curve: Step 5, moved mouse to (120, 812).
2025-01-30 17:34:48,544 - DEBUG - move_mouse_with_curve: Step 6, speed=0.00
2025-01-30 17:34:48,544 - DEBUG - move_mouse_with_curve: Step 6, distance=17.03, delay=0.00709
2025-01-30 17:34:48,552 - DEBUG - move_mouse_with_curve: Step 6, moved mouse to (121, 829).
2025-01-30 17:34:48,552 - DEBUG - move_mouse_with_curve: Step 7, speed=0.00
2025-01-30 17:34:48,552 - DEBUG - move_mouse_with_curve: Step 7, distance=19.03, delay=0.00877
2025-01-30 17:34:48,562 - DEBUG - move_mouse_with_curve: Step 7, moved mouse to (122, 848).
2025-01-30 17:34:48,562 - DEBUG - move_mouse_with_curve: Step 8, speed=0.00
2025-01-30 17:34:48,562 - DEBUG - move_mouse_with_curve: Step 8, distance=21.02, delay=0.00928
2025-01-30 17:34:48,572 - DEBUG - move_mouse_with_curve: Step 8, moved mouse to (123, 869).
2025-01-30 17:34:48,572 - DEBUG - move_mouse_with_curve: Step 9, speed=0.00
2025-01-30 17:34:48,572 - DEBUG - move_mouse_with_curve: Step 9, distance=24.02, delay=0.00996
2025-01-30 17:34:48,582 - DEBUG - move_mouse_with_curve: Step 9, moved mouse to (124, 893).
2025-01-30 17:34:48,583 - DEBUG - move_mouse_with_curve: Step 10, speed=0.00
2025-01-30 17:34:48,583 - DEBUG - move_mouse_with_curve: Step 10, distance=26.08, delay=0.01449
2025-01-30 17:34:48,598 - DEBUG - move_mouse_with_curve: Step 10, moved mouse to (126, 919).
2025-01-30 17:34:48,598 - DEBUG - move_mouse_with_curve: Step 11, speed=0.00
2025-01-30 17:34:48,598 - DEBUG - move_mouse_with_curve: Step 11, distance=29.02, delay=0.01120
2025-01-30 17:34:48,610 - DEBUG - move_mouse_with_curve: Step 11, moved mouse to (127, 948).
2025-01-30 17:34:48,610 - DEBUG - move_mouse_with_curve: Step 12, speed=0.00
2025-01-30 17:34:48,610 - DEBUG - move_mouse_with_curve: Step 12, distance=31.06, delay=0.01682
2025-01-30 17:34:48,628 - DEBUG - move_mouse_with_curve: Step 12, moved mouse to (129, 979).
2025-01-30 17:34:48,628 - DEBUG - move_mouse_with_curve: Step 13, speed=0.00
2025-01-30 17:34:48,628 - DEBUG - move_mouse_with_curve: Step 13, distance=33.06, delay=0.01411
2025-01-30 17:34:48,643 - DEBUG - move_mouse_with_curve: Step 13, moved mouse to (131, 1012).
2025-01-30 17:34:48,643 - DEBUG - move_mouse_with_curve: Step 14, speed=0.00
2025-01-30 17:34:48,643 - DEBUG - move_mouse_with_curve: Step 14, distance=36.06, delay=0.01322
2025-01-30 17:34:48,658 - DEBUG - move_mouse_with_curve: Step 14, moved mouse to (133, 1048).
2025-01-30 17:34:48,658 - DEBUG - move_mouse_with_curve: Step 15, speed=0.00
2025-01-30 17:34:48,659 - DEBUG - move_mouse_with_curve: Step 15, distance=38.12, delay=0.02053
2025-01-30 17:34:48,680 - DEBUG - move_mouse_with_curve: Step 15, moved mouse to (136, 1086).
2025-01-30 17:34:48,680 - DEBUG - move_mouse_with_curve: Step 16, speed=0.00
2025-01-30 17:34:48,680 - DEBUG - move_mouse_with_curve: Step 16, distance=41.05, delay=0.02095
2025-01-30 17:34:48,702 - DEBUG - move_mouse_with_curve: Step 16, moved mouse to (138, 1127).
2025-01-30 17:34:48,702 - DEBUG - move_mouse_with_curve: Step 17, speed=0.00
2025-01-30 17:34:48,702 - DEBUG - move_mouse_with_curve: Step 17, distance=43.10, delay=0.02221
2025-01-30 17:34:48,725 - DEBUG - move_mouse_with_curve: Step 17, moved mouse to (141, 1170).
2025-01-30 17:34:48,726 - DEBUG - move_mouse_with_curve: Step 18, speed=0.00
2025-01-30 17:34:48,726 - DEBUG - move_mouse_with_curve: Step 18, distance=46.10, delay=0.02144
2025-01-30 17:34:48,748 - DEBUG - move_mouse_with_curve: Step 18, moved mouse to (144, 1216).
2025-01-30 17:34:48,748 - DEBUG - move_mouse_with_curve: Step 19, speed=0.00
2025-01-30 17:34:48,749 - DEBUG - move_mouse_with_curve: Step 19, distance=48.09, delay=0.01499
2025-01-30 17:34:48,764 - DEBUG - move_mouse_with_curve: Step 19, moved mouse to (147, 1264).
2025-01-30 17:34:48,765 - DEBUG - move_mouse_with_curve: Step 20, speed=0.00
2025-01-30 17:34:48,765 - DEBUG - move_mouse_with_curve: Step 20, distance=50.16, delay=0.01548
2025-01-30 17:34:48,782 - DEBUG - move_mouse_with_curve: Step 20, moved mouse to (151, 1314).
2025-01-30 17:34:48,782 - DEBUG - move_mouse_with_curve: Step 21, speed=0.00
2025-01-30 17:34:48,782 - DEBUG - move_mouse_with_curve: Step 21, distance=53.08, delay=0.02221
2025-01-30 17:34:48,805 - DEBUG - move_mouse_with_curve: Step 21, moved mouse to (154, 1367).
2025-01-30 17:34:48,806 - DEBUG - move_mouse_with_curve: Step 22, speed=0.00
2025-01-30 17:34:48,806 - DEBUG - move_mouse_with_curve: Step 22, distance=55.15, delay=0.01757
2025-01-30 17:34:48,824 - DEBUG - move_mouse_with_curve: Step 22, moved mouse to (158, 1422).
2025-01-30 17:34:48,825 - DEBUG - move_mouse_with_curve: Step 23, speed=0.00
2025-01-30 17:34:48,825 - DEBUG - move_mouse_with_curve: Step 23, distance=58.14, delay=0.02534
2025-01-30 17:34:48,851 - DEBUG - move_mouse_with_curve: Step 23, moved mouse to (162, 1480).
2025-01-30 17:34:48,852 - DEBUG - move_mouse_with_curve: Step 24, speed=0.00
2025-01-30 17:34:48,852 - DEBUG - move_mouse_with_curve: Step 24, distance=60.13, delay=0.03099
2025-01-30 17:34:48,883 - DEBUG - move_mouse_with_curve: Step 24, moved mouse to (166, 1540).
2025-01-30 17:34:48,884 - DEBUG - move_mouse_with_curve: Step 25, speed=0.00
2025-01-30 17:34:48,884 - DEBUG - move_mouse_with_curve: Step 25, distance=63.13, delay=0.01862
2025-01-30 17:34:48,903 - DEBUG - move_mouse_with_curve: Step 25, moved mouse to (170, 1603).
2025-01-30 17:34:48,904 - DEBUG - move_mouse_with_curve: Step 26, speed=0.00
2025-01-30 17:34:48,904 - DEBUG - move_mouse_with_curve: Step 26, distance=65.19, delay=0.02630
2025-01-30 17:34:48,931 - DEBUG - move_mouse_with_curve: Step 26, moved mouse to (175, 1668).
2025-01-30 17:34:48,931 - DEBUG - move_mouse_with_curve: Step 27, speed=0.00
2025-01-30 17:34:48,931 - DEBUG - move_mouse_with_curve: Step 27, distance=67.12, delay=0.02883
2025-01-30 17:34:48,960 - DEBUG - move_mouse_with_curve: Step 27, moved mouse to (179, 1735).
2025-01-30 17:34:48,961 - DEBUG - move_mouse_with_curve: Step 28, speed=0.00
2025-01-30 17:34:48,961 - DEBUG - move_mouse_with_curve: Step 28, distance=70.18, delay=0.02287
2025-01-30 17:34:48,984 - DEBUG - move_mouse_with_curve: Step 28, moved mouse to (184, 1805).
2025-01-30 17:34:48,985 - DEBUG - move_mouse_with_curve: Step 29, speed=0.00
2025-01-30 17:34:48,985 - DEBUG - move_mouse_with_curve: Step 29, distance=72.17, delay=0.03655
2025-01-30 17:34:49,022 - DEBUG - move_mouse_with_curve: Step 29, moved mouse to (189, 1877).
2025-01-30 17:34:49,022 - DEBUG - move_mouse_with_curve: Step 30, speed=0.00
2025-01-30 17:34:49,022 - DEBUG - move_mouse_with_curve: Step 30, distance=75.17, delay=0.02609
2025-01-30 17:34:49,049 - DEBUG - move_mouse_with_curve: Step 30, moved mouse to (194, 1952).
2025-01-30 17:34:49,049 - DEBUG - move_mouse_with_curve: Step 31, speed=0.00
2025-01-30 17:34:49,049 - DEBUG - move_mouse_with_curve: Step 31, distance=77.23, delay=0.03826
2025-01-30 17:34:49,089 - DEBUG - move_mouse_with_curve: Step 31, moved mouse to (200, 2029).
2025-01-30 17:34:49,089 - DEBUG - move_mouse_with_curve: Step 32, speed=0.00
2025-01-30 17:34:49,089 - DEBUG - move_mouse_with_curve: Step 32, distance=80.16, delay=0.03760
2025-01-30 17:34:49,127 - DEBUG - move_mouse_with_curve: Step 32, moved mouse to (205, 2109).
2025-01-30 17:34:49,127 - DEBUG - move_mouse_with_curve: Step 33, speed=0.00
2025-01-30 17:34:49,128 - DEBUG - move_mouse_with_curve: Step 33, distance=82.22, delay=0.03588
2025-01-30 17:34:49,164 - DEBUG - move_mouse_with_curve: Step 33, moved mouse to (211, 2191).
2025-01-30 17:34:49,165 - DEBUG - move_mouse_with_curve: Step 34, speed=0.00
2025-01-30 17:34:49,165 - DEBUG - move_mouse_with_curve: Step 34, distance=84.21, delay=0.02726
2025-01-30 17:34:49,193 - DEBUG - move_mouse_with_curve: Step 34, moved mouse to (217, 2275).
2025-01-30 17:34:49,195 - DEBUG - move_mouse_with_curve: Step 35, speed=0.00
2025-01-30 17:34:49,195 - DEBUG - move_mouse_with_curve: Step 35, distance=87.21, delay=0.03239
2025-01-30 17:34:49,228 - DEBUG - move_mouse_with_curve: Step 35, moved mouse to (223, 2362).
2025-01-30 17:34:49,228 - DEBUG - move_mouse_with_curve: Step 36, speed=0.00
2025-01-30 17:34:49,228 - DEBUG - move_mouse_with_curve: Step 36, distance=90.27, delay=0.03563
2025-01-30 17:34:49,265 - DEBUG - move_mouse_with_curve: Step 36, moved mouse to (230, 2452).
2025-01-30 17:34:49,265 - DEBUG - move_mouse_with_curve: Step 37, speed=0.00
2025-01-30 17:34:49,265 - DEBUG - move_mouse_with_curve: Step 37, distance=91.20, delay=0.03150
2025-01-30 17:34:49,298 - DEBUG - move_mouse_with_curve: Step 37, moved mouse to (236, 2543).
2025-01-30 17:34:49,298 - DEBUG - move_mouse_with_curve: Step 38, speed=0.00
2025-01-30 17:34:49,298 - DEBUG - move_mouse_with_curve: Step 38, distance=95.26, delay=0.03873
2025-01-30 17:34:49,337 - DEBUG - move_mouse_with_curve: Step 38, moved mouse to (243, 2638).
2025-01-30 17:34:49,337 - DEBUG - move_mouse_with_curve: Step 39, speed=0.00
2025-01-30 17:34:49,337 - DEBUG - move_mouse_with_curve: Step 39, distance=96.25, delay=0.03815
2025-01-30 17:34:49,377 - DEBUG - move_mouse_with_curve: Step 39, moved mouse to (250, 2734).
2025-01-30 17:34:49,377 - DEBUG - move_mouse_with_curve: Step 40, speed=0.00
2025-01-30 17:34:49,377 - DEBUG - move_mouse_with_curve: Step 40, distance=99.25, delay=0.03972
2025-01-30 17:34:49,417 - DEBUG - move_mouse_with_curve: Step 40, moved mouse to (257, 2833).
2025-01-30 17:34:49,418 - DEBUG - move_mouse_with_curve: Step 41, speed=0.00
2025-01-30 17:34:49,418 - DEBUG - move_mouse_with_curve: Step 41, distance=102.24, delay=0.02669
2025-01-30 17:34:49,445 - DEBUG - move_mouse_with_curve: Step 41, moved mouse to (264, 2935).
2025-01-30 17:34:49,445 - DEBUG - move_mouse_with_curve: Step 42, speed=0.00
2025-01-30 17:34:49,445 - DEBUG - move_mouse_with_curve: Step 42, distance=103.31, delay=0.04332
2025-01-30 17:34:49,490 - DEBUG - move_mouse_with_curve: Step 42, moved mouse to (272, 3038).
2025-01-30 17:34:49,490 - DEBUG - move_mouse_with_curve: Step 43, speed=0.00
2025-01-30 17:34:49,490 - DEBUG - move_mouse_with_curve: Step 43, distance=107.30, delay=0.04319
2025-01-30 17:34:49,534 - DEBUG - move_mouse_with_curve: Step 43, moved mouse to (280, 3145).
2025-01-30 17:34:49,534 - DEBUG - move_mouse_with_curve: Step 44, speed=0.00
2025-01-30 17:34:49,535 - DEBUG - move_mouse_with_curve: Step 44, distance=108.23, delay=0.03377
2025-01-30 17:34:49,569 - DEBUG - move_mouse_with_curve: Step 44, moved mouse to (287, 3253).
2025-01-30 17:34:49,569 - DEBUG - move_mouse_with_curve: Step 45, speed=0.00
2025-01-30 17:34:49,570 - DEBUG - move_mouse_with_curve: Step 45, distance=112.29, delay=0.04667
2025-01-30 17:34:49,617 - DEBUG - move_mouse_with_curve: Step 45, moved mouse to (295, 3365).
2025-01-30 17:34:49,618 - DEBUG - move_mouse_with_curve: Step 46, speed=0.00
2025-01-30 17:34:49,618 - DEBUG - move_mouse_with_curve: Step 46, distance=113.36, delay=0.04677
2025-01-30 17:34:49,665 - DEBUG - move_mouse_with_curve: Step 46, moved mouse to (304, 3478).
2025-01-30 17:34:49,665 - DEBUG - move_mouse_with_curve: Step 47, speed=0.00
2025-01-30 17:34:49,665 - DEBUG - move_mouse_with_curve: Step 47, distance=116.28, delay=0.03330
2025-01-30 17:34:49,699 - DEBUG - move_mouse_with_curve: Step 47, moved mouse to (312, 3594).
2025-01-30 17:34:49,699 - DEBUG - move_mouse_with_curve: Step 48, speed=0.00
2025-01-30 17:34:49,700 - DEBUG - move_mouse_with_curve: Step 48, distance=119.34, delay=0.03131
2025-01-30 17:34:49,731 - DEBUG - move_mouse_with_curve: Step 48, moved mouse to (321, 3713).
2025-01-30 17:34:49,731 - DEBUG - move_mouse_with_curve: Step 49, speed=0.00
2025-01-30 17:34:49,732 - DEBUG - move_mouse_with_curve: Step 49, distance=121.33, delay=0.04621
2025-01-30 17:34:49,779 - DEBUG - move_mouse_with_curve: Step 49, moved mouse to (330, 3834).
2025-01-30 17:34:49,780 - DEBUG - Moved mouse to Instagram link location using bezier curve
2025-01-30 17:34:50,022 - DEBUG - pause after mouse movement and then click on instagram link
2025-01-30 17:34:50,023 - DEBUG - click_element: Attempting to click element with locator: ('link text', 'Instagram')
2025-01-30 17:34:50,092 - DEBUG - click_element: Element located successfully. Attempting to click using Javascript
2025-01-30 17:34:51,014 - INFO - click_element: Element clicked using JavaScript click.
2025-01-30 17:34:51,015 - INFO - Clicked on Instagram Link
2025-01-30 17:34:53,250 - DEBUG - pause before scroll (like read)
2025-01-30 17:34:53,250 - DEBUG - Scrolling to find the question...
2025-01-30 17:34:53,250 - DEBUG - scroll_random_times: Scrolling page 2 times.
2025-01-30 17:34:53,250 - DEBUG - scroll_page: Scrolling by 500 pixels.
2025-01-30 17:34:54,466 - DEBUG - scroll_page: Scrolled page by 500, Delay: 1.19 seconds.
2025-01-30 17:34:56,467 - DEBUG - scroll_page: Scrolling by 500 pixels.
2025-01-30 17:34:58,406 - DEBUG - scroll_page: Scrolled page by 500, Delay: 1.92 seconds.
2025-01-30 17:35:00,406 - DEBUG - scroll_random_times: Scrolling Completed
2025-01-30 17:35:02,326 - DEBUG - pause before click and after scroll
2025-01-30 17:35:02,326 - DEBUG - Searching for the question with locator : ('xpath', "//a[contains(text(), 'AI model for Instagram')]")
2025-01-30 17:35:02,327 - DEBUG - find_element_with_scroll: Searching for element with locator: ('xpath', "//a[contains(text(), 'AI model for Instagram')]")
2025-01-30 17:35:02,352 - INFO - find_element_with_scroll: Element found after 1 scrolls.
2025-01-30 17:35:05,311 - DEBUG - pause before click
2025-01-30 17:35:05,311 - DEBUG - click_element: Attempting to click element with locator: ('xpath', "//a[contains(text(), 'AI model for Instagram')]")
2025-01-30 17:35:05,362 - DEBUG - click_element: Element located successfully. Attempting to click using Javascript
2025-01-30 17:35:07,005 - INFO - click_element: Element clicked using JavaScript click.
2025-01-30 17:35:07,005 - INFO - Clicked on the Question Link
2025-01-30 17:35:09,812 - DEBUG - pause before scroll(like read)
2025-01-30 17:35:14,073 - INFO - Attempting to like 4 posts.
2025-01-30 17:35:14,073 - DEBUG - scroll_random_times: Scrolling page 3 times.
2025-01-30 17:35:14,073 - DEBUG - scroll_page: Scrolling by 500 pixels.
2025-01-30 17:35:15,917 - DEBUG - scroll_page: Scrolled page by 500, Delay: 1.84 seconds.
2025-01-30 17:35:17,917 - DEBUG - scroll_page: Scrolling by 500 pixels.
2025-01-30 17:35:19,850 - DEBUG - scroll_page: Scrolled page by 500, Delay: 1.91 seconds.
2025-01-30 17:35:21,851 - DEBUG - scroll_page: Scrolling by 500 pixels.
2025-01-30 17:35:23,371 - DEBUG - scroll_page: Scrolled page by 500, Delay: 1.51 seconds.
2025-01-30 17:35:25,372 - DEBUG - scroll_random_times: Scrolling Completed
2025-01-30 17:35:25,389 - DEBUG - find_like_buttons: Found 20 like buttons.
2025-01-30 17:35:28,290 - INFO - Liked a post using JavaScript.
2025-01-30 17:35:35,700 - INFO - Liked a post using JavaScript.
2025-01-30 17:35:42,914 - INFO - Liked a post using JavaScript.
2025-01-30 17:35:49,805 - INFO - Liked a post using JavaScript.
2025-01-30 17:35:53,847 - DEBUG - Completed like_random_post function.
2025-01-30 17:35:57,848 - DEBUG - Pausing before quitting driver...
2025-01-30 17:36:00,237 - INFO - Driver quit successfully.
