2025-03-13 15:36:43,660 - INFO - Starting automation for profile: ZeroDayHunter
2025-03-13 15:36:45,252 - INFO - Profile ZeroDayHunter: Successfully logged in.
2025-03-13 15:36:45,254 - INFO - Profile ZeroDayHunter: Starting profile e70a0144-441c-40ec-92fc-84a43bc03e6a...
2025-03-13 15:36:53,795 - INFO - Profile ZeroDayHunter: Extracted port: 51195
2025-03-13 15:36:54,377 - INFO - Profile ZeroDayHunter: Started on port 51195.
2025-03-13 15:38:39,741 - INFO - Profile ZeroDayHunter: Opening random website: https://github.com/
2025-03-13 15:38:42,362 - INFO - Profile ZeroDayHunter: Pausing for 11.53 seconds...
2025-03-13 15:38:53,891 - INFO - Profile ZeroDayHunter: Resuming...
2025-03-13 15:38:53,896 - INFO - Profile ZeroDayHunter: Switched back to original tab.
2025-03-13 15:41:44,676 - INFO - Profile ZeroDayHunter: Restoring window...
2025-03-13 15:42:34,234 - INFO - Profile ZeroDayHunter: Opening default URL: https://www.google.com
2025-03-13 15:42:36,411 - INFO - Profile ZeroDayHunter: Pausing for 14.19 seconds...
2025-03-13 15:42:50,606 - INFO - Profile ZeroDayHunter: Resuming...
2025-03-13 15:42:50,612 - INFO - Profile ZeroDayHunter: Switched back to original tab.
2025-03-13 15:42:50,622 - INFO - Profile ZeroDayHunter: Opening random website: https://www.w3schools.com/
2025-03-13 15:42:52,713 - INFO - Profile ZeroDayHunter: Pausing for 11.82 seconds...
2025-03-13 15:43:04,533 - INFO - Profile ZeroDayHunter: Resuming...
2025-03-13 15:43:04,572 - INFO - Profile ZeroDayHunter: Switched back to original tab.
2025-03-13 15:45:45,614 - INFO - Profile ZeroDayHunter: Opening random website: https://www.adobe.com/in/products/photoshop.html
2025-03-13 15:45:47,190 - INFO - Profile ZeroDayHunter: Pausing for 16.78 seconds...
2025-03-13 15:46:03,968 - INFO - Profile ZeroDayHunter: Resuming...
2025-03-13 15:46:03,989 - INFO - Profile ZeroDayHunter: Switched back to original tab.
2025-03-13 15:50:54,096 - INFO - Profile ZeroDayHunter: Pausing for 14.00 seconds...
2025-03-13 15:51:08,100 - INFO - Profile ZeroDayHunter: Resuming...
2025-03-13 15:52:15,535 - INFO - Stopping browser for profile: ZeroDayHunter...
2025-03-13 15:52:15,536 - INFO - Profile ZeroDayHunter: Attempting to stop...
2025-03-13 15:52:15,542 - INFO - Profile ZeroDayHunter: Browser closed successfully.
2025-03-13 15:52:53,268 - ERROR - Profile ZeroDayHunter: Connection error stopping profile: HTTPSConnectionPool(host='launcher.mlx.yt', port=45001): Max retries exceeded with url: /api/v1/profile/stop/p/e70a0144-441c-40ec-92fc-84a43bc03e6a (Caused by SSLError(SSLError(1, '[SSL: DECRYPTION_FAILED_OR_BAD_RECORD_MAC] decryption failed or bad record mac (_ssl.c:2638)')))
2025-03-13 15:52:53,274 - INFO - Browser stopped successfully for profile: ZeroDayHunter.
