2025-03-13 15:33:48,061 - INFO - Starting automation for profile: Emaxx
2025-03-13 15:33:49,678 - INFO - Profile Emaxx: Successfully logged in.
2025-03-13 15:33:49,680 - INFO - Profile Emaxx: Starting profile ece3d7b0-6dd3-4189-94c7-20c2dfa82943...
2025-03-13 15:33:56,447 - INFO - Profile Emaxx: Extracted port: 51108
2025-03-13 15:34:03,609 - INFO - Profile Emaxx: Started on port 51108.
2025-03-13 15:34:03,634 - INFO - Profile Emaxx: Minimizing window...
2025-03-13 15:34:03,636 - INFO - Profile Emaxx: Window minimized. Pausing for 7.29 seconds...
2025-03-13 15:34:10,930 - INFO - Profile Emaxx: Resuming after minimize...
2025-03-13 15:35:01,224 - INFO - Profile Emaxx: Minimizing window...
2025-03-13 15:35:01,226 - INFO - Profile Emaxx: Window minimized. Pausing for 6.59 seconds...
2025-03-13 15:35:07,817 - INFO - Profile Emaxx: Resuming after minimize...
2025-03-13 15:35:44,343 - INFO - Profile Emaxx: Opening default URL: https://www.google.com
2025-03-13 15:35:46,010 - INFO - Profile Emaxx: Pausing for 13.91 seconds...
2025-03-13 15:35:59,924 - INFO - Profile Emaxx: Resuming...
2025-03-13 15:35:59,949 - INFO - Profile Emaxx: Switched back to original tab.
2025-03-13 15:38:53,070 - INFO - Profile Emaxx: Restoring window...
2025-03-13 15:39:01,096 - INFO - Profile Emaxx: Pausing for 17.52 seconds...
2025-03-13 15:39:18,616 - INFO - Profile Emaxx: Resuming...
2025-03-13 15:41:15,960 - INFO - Profile Emaxx: Pausing for 13.69 seconds...
2025-03-13 15:41:29,656 - INFO - Profile Emaxx: Resuming...
2025-03-13 15:42:04,206 - INFO - Profile Emaxx: Opening default URL: https://www.google.com
2025-03-13 15:42:14,480 - INFO - Profile Emaxx: Pausing for 19.94 seconds...
2025-03-13 15:42:34,434 - INFO - Profile Emaxx: Resuming...
2025-03-13 15:42:34,457 - INFO - Profile Emaxx: Switched back to original tab.
2025-03-13 15:50:04,573 - INFO - Profile Emaxx: Restoring window...
2025-03-13 15:50:56,723 - INFO - Profile Emaxx: Pausing for 11.07 seconds...
2025-03-13 15:51:07,800 - INFO - Profile Emaxx: Resuming...
2025-03-13 15:51:56,640 - INFO - Profile Emaxx: Minimizing window...
2025-03-13 15:51:56,644 - INFO - Profile Emaxx: Window minimized. Pausing for 8.43 seconds...
2025-03-13 15:52:05,073 - INFO - Profile Emaxx: Resuming after minimize...
2025-03-13 15:52:44,040 - INFO - Stopping browser for profile: Emaxx...
2025-03-13 15:52:44,042 - INFO - Profile Emaxx: Attempting to stop...
2025-03-13 15:52:44,050 - INFO - Profile Emaxx: Browser closed successfully.
2025-03-13 15:54:00,077 - ERROR - Profile Emaxx: Connection error stopping profile: HTTPSConnectionPool(host='launcher.mlx.yt', port=45001): Max retries exceeded with url: /api/v1/profile/stop/p/ece3d7b0-6dd3-4189-94c7-20c2dfa82943 (Caused by SSLError(SSLError(1, '[SSL: DECRYPTION_FAILED_OR_BAD_RECORD_MAC] decryption failed or bad record mac (_ssl.c:2638)')))
2025-03-13 15:54:00,082 - INFO - Browser stopped successfully for profile: Emaxx.
