2025-04-02 13:37:25,360 - INFO - Current time: 1743581245.360091
2025-04-02 13:37:25,361 - INFO - Token expiration time: 1743583802.2231433
2025-04-02 13:37:25,362 - INFO - Token expiration time: 1743583802.2231433
2025-04-02 13:37:25,362 - INFO - Profile PhantomRoot: Restoring window...
2025-04-02 13:37:27,364 - INFO - performing random action
2025-04-02 13:37:27,368 - INFO - Loaded 38 subforum URLs from Sub-Forum-List.txt
2025-04-02 13:37:27,370 - DEBUG - Scrolling page 2 times.
2025-04-02 13:37:27,372 - DEBUG - Scrolling page by 500 pixels.
2025-04-02 13:37:28,918 - DEBUG - Page scrolled.
2025-04-02 13:37:30,921 - DEBUG - Scrolling page by 500 pixels.
2025-04-02 13:37:32,550 - DEBUG - Page scrolled.
2025-04-02 13:37:34,552 - DEBUG - Random scrolls complete.
2025-04-02 13:37:34,554 - DEBUG - Scrolling page 4 times.
2025-04-02 13:37:34,556 - DEBUG - Scrolling page by 500 pixels.
2025-04-02 13:37:36,520 - DEBUG - Page scrolled.
2025-04-02 13:37:38,522 - DEBUG - Scrolling page by 500 pixels.
2025-04-02 13:37:39,606 - DEBUG - Page scrolled.
2025-04-02 13:37:41,608 - DEBUG - Scrolling page by 500 pixels.
2025-04-02 13:37:42,834 - DEBUG - Page scrolled.
2025-04-02 13:37:44,836 - DEBUG - Scrolling page by 500 pixels.
2025-04-02 13:37:46,041 - DEBUG - Page scrolled.
2025-04-02 13:37:48,043 - DEBUG - Random scrolls complete.
2025-04-02 13:37:54,904 - INFO - Navigated to subforum: https://www.blackhatworld.com/forums/online-reputation-management-orm.224/
2025-04-02 13:38:05,283 - ERROR - Error finding random thread link in subforum: Message: 
Traceback (most recent call last):
  File "E:\forum_automation_tool\blackhatworld_functions.py", line 570, in find_random_thread_link_from_subforum
    wait.until(
    ~~~~~~~~~~^
        EC.presence_of_all_elements_located((By.XPATH, "//div[contains(@class, 'structItem')]"))
        ^^^^^^^^^^^^^^^^^^^^^^^^^^^^^^^^^^^^^^^^^^^^^^^^^^^^^^^^^^^^^^^^^^^^^^^^^^^^^^^^^^^^^^^^
    )
    ^
  File "C:\Users\DELL\AppData\Local\Programs\Python\Python313\Lib\site-packages\selenium\webdriver\support\wait.py", line 105, in until
    raise TimeoutException(message, screen, stacktrace)
selenium.common.exceptions.TimeoutException: Message: 

2025-04-02 13:38:05,298 - INFO - performing random action
2025-04-02 13:38:05,299 - WARNING - Skipping thread processing due to no thread link being found in subforum.
