2025-04-02 14:03:51,588 - INFO - Current time: 1743582831.5888903
2025-04-02 14:03:51,590 - INFO - Token expiration time: 1743583802.2231433
2025-04-02 14:03:51,591 - INFO - Token expiration time: 1743583802.2231433
2025-04-02 14:03:51,592 - INFO - Profile PhantomRoot: Restoring window...
2025-04-02 14:03:53,598 - INFO - performing random action
2025-04-02 14:03:53,601 - INFO - Loaded 38 subforum URLs from Sub-Forum-List.txt
2025-04-02 14:03:53,603 - DEBUG - Scrolling page 2 times.
2025-04-02 14:03:53,605 - DEBUG - Scrolling page by 500 pixels.
2025-04-02 14:03:54,629 - DEBUG - Page scrolled.
2025-04-02 14:03:56,632 - DEBUG - Scrolling page by 500 pixels.
2025-04-02 14:03:57,887 - DEBUG - Page scrolled.
2025-04-02 14:03:59,889 - DEBUG - Random scrolls complete.
2025-04-02 14:03:59,892 - DEBUG - Scrolling page 2 times.
2025-04-02 14:03:59,894 - DEBUG - Scrolling page by 500 pixels.
2025-04-02 14:04:01,427 - DEBUG - Page scrolled.
2025-04-02 14:04:03,431 - DEBUG - Scrolling page by 500 pixels.
2025-04-02 14:04:04,860 - DEBUG - Page scrolled.
2025-04-02 14:04:06,862 - DEBUG - Random scrolls complete.
2025-04-02 14:04:13,770 - INFO - Navigated to subforum: https://www.blackhatworld.com/forums/local-seo.209/
2025-04-02 14:04:24,187 - ERROR - Error finding random thread link in subforum: Message: 
Traceback (most recent call last):
  File "E:\forum_automation_tool\blackhatworld_functions.py", line 570, in find_random_thread_link_from_subforum
    wait.until(
    ~~~~~~~~~~^
        EC.presence_of_all_elements_located((By.XPATH, "//div[contains(@class, 'structItem')]"))
        ^^^^^^^^^^^^^^^^^^^^^^^^^^^^^^^^^^^^^^^^^^^^^^^^^^^^^^^^^^^^^^^^^^^^^^^^^^^^^^^^^^^^^^^^
    )
    ^
  File "C:\Users\DELL\AppData\Local\Programs\Python\Python313\Lib\site-packages\selenium\webdriver\support\wait.py", line 105, in until
    raise TimeoutException(message, screen, stacktrace)
selenium.common.exceptions.TimeoutException: Message: 

2025-04-02 14:04:24,202 - INFO - performing random action
2025-04-02 14:04:24,203 - WARNING - Skipping thread processing due to no thread link being found in subforum.
